2021-10-22 11:29:08,798 WARN 21531 [-/127.0.0.1/-/5ms POST /monitor/sourcemap?name=app.f9162b03.js.map] missing csrf token. See https://eggjs.org/zh-cn/core/security.html#安全威胁csrf的防范
2021-10-22 11:29:08,800 WARN 21531 [-/127.0.0.1/-/7ms POST /monitor/sourcemap?name=app.f9162b03.js.map] nodejs.ForbiddenError: missing csrf token
    at Object.throw (/Users/lanqiuping/project/github/errorReport/backend/node_modules/koa/lib/context.js:97:11)
    at Object.assertCsrf (/Users/lanqiuping/project/github/errorReport/backend/node_modules/egg-security/app/extend/context.js:162:32)
    at csrf (/Users/lanqiuping/project/github/errorReport/backend/node_modules/egg-security/lib/middlewares/csrf.js:33:9)
    at dispatch (/Users/lanqiuping/project/github/errorReport/backend/node_modules/egg-security/node_modules/koa-compose/index.js:42:32)
    at /Users/lanqiuping/project/github/errorReport/backend/node_modules/egg-security/node_modules/koa-compose/index.js:34:12
    at dispatch (/Users/lanqiuping/project/github/errorReport/backend/node_modules/koa/node_modules/koa-compose/index.js:42:32)
    at session (/Users/lanqiuping/project/github/errorReport/backend/node_modules/koa-session/index.js:41:13)
    at dispatch (/Users/lanqiuping/project/github/errorReport/backend/node_modules/koa/node_modules/koa-compose/index.js:42:32)
    at overrideMethod (/Users/lanqiuping/project/github/errorReport/backend/node_modules/koa-override/index.js:38:12)
    at dispatch (/Users/lanqiuping/project/github/errorReport/backend/node_modules/koa/node_modules/koa-compose/index.js:42:32)
message: "missing csrf token"
pid: 21531
hostname: lanqiupingdeMacBook-Pro.local

2021-10-22 11:29:08,848 WARN 21531 [-/127.0.0.1/-/0ms POST /monitor/sourcemap?name=chunk-vendors.5531c410.js.map] missing csrf token. See https://eggjs.org/zh-cn/core/security.html#安全威胁csrf的防范
2021-10-22 11:29:08,848 WARN 21531 [-/127.0.0.1/-/0ms POST /monitor/sourcemap?name=chunk-vendors.5531c410.js.map] nodejs.ForbiddenError: missing csrf token
    at Object.throw (/Users/lanqiuping/project/github/errorReport/backend/node_modules/koa/lib/context.js:97:11)
    at Object.assertCsrf (/Users/lanqiuping/project/github/errorReport/backend/node_modules/egg-security/app/extend/context.js:162:32)
    at csrf (/Users/lanqiuping/project/github/errorReport/backend/node_modules/egg-security/lib/middlewares/csrf.js:33:9)
    at dispatch (/Users/lanqiuping/project/github/errorReport/backend/node_modules/egg-security/node_modules/koa-compose/index.js:42:32)
    at /Users/lanqiuping/project/github/errorReport/backend/node_modules/egg-security/node_modules/koa-compose/index.js:34:12
    at dispatch (/Users/lanqiuping/project/github/errorReport/backend/node_modules/koa/node_modules/koa-compose/index.js:42:32)
    at session (/Users/lanqiuping/project/github/errorReport/backend/node_modules/koa-session/index.js:41:13)
    at dispatch (/Users/lanqiuping/project/github/errorReport/backend/node_modules/koa/node_modules/koa-compose/index.js:42:32)
    at overrideMethod (/Users/lanqiuping/project/github/errorReport/backend/node_modules/koa-override/index.js:38:12)
    at dispatch (/Users/lanqiuping/project/github/errorReport/backend/node_modules/koa/node_modules/koa-compose/index.js:42:32)
message: "missing csrf token"
pid: 21531
hostname: lanqiupingdeMacBook-Pro.local

2021-10-22 11:45:35,913 WARN 24563 [-/127.0.0.1/-/4ms POST /monitor/sourcemap?name=app.f9162b03.js.map] missing csrf token. See https://eggjs.org/zh-cn/core/security.html#安全威胁csrf的防范
2021-10-22 11:45:35,915 WARN 24563 [-/127.0.0.1/-/6ms POST /monitor/sourcemap?name=app.f9162b03.js.map] nodejs.ForbiddenError: missing csrf token
    at Object.throw (/Users/lanqiuping/project/github/errorReport/backend/node_modules/koa/lib/context.js:97:11)
    at Object.assertCsrf (/Users/lanqiuping/project/github/errorReport/backend/node_modules/egg-security/app/extend/context.js:162:32)
    at csrf (/Users/lanqiuping/project/github/errorReport/backend/node_modules/egg-security/lib/middlewares/csrf.js:33:9)
    at dispatch (/Users/lanqiuping/project/github/errorReport/backend/node_modules/egg-security/node_modules/koa-compose/index.js:42:32)
    at /Users/lanqiuping/project/github/errorReport/backend/node_modules/egg-security/node_modules/koa-compose/index.js:34:12
    at dispatch (/Users/lanqiuping/project/github/errorReport/backend/node_modules/koa/node_modules/koa-compose/index.js:42:32)
    at session (/Users/lanqiuping/project/github/errorReport/backend/node_modules/koa-session/index.js:41:13)
    at dispatch (/Users/lanqiuping/project/github/errorReport/backend/node_modules/koa/node_modules/koa-compose/index.js:42:32)
    at overrideMethod (/Users/lanqiuping/project/github/errorReport/backend/node_modules/koa-override/index.js:38:12)
    at dispatch (/Users/lanqiuping/project/github/errorReport/backend/node_modules/koa/node_modules/koa-compose/index.js:42:32)
message: "missing csrf token"
pid: 24563
hostname: lanqiupingdeMacBook-Pro.local

2021-10-22 11:45:35,966 WARN 24563 [-/127.0.0.1/-/0ms POST /monitor/sourcemap?name=chunk-vendors.5531c410.js.map] missing csrf token. See https://eggjs.org/zh-cn/core/security.html#安全威胁csrf的防范
2021-10-22 11:45:35,966 WARN 24563 [-/127.0.0.1/-/1ms POST /monitor/sourcemap?name=chunk-vendors.5531c410.js.map] nodejs.ForbiddenError: missing csrf token
    at Object.throw (/Users/lanqiuping/project/github/errorReport/backend/node_modules/koa/lib/context.js:97:11)
    at Object.assertCsrf (/Users/lanqiuping/project/github/errorReport/backend/node_modules/egg-security/app/extend/context.js:162:32)
    at csrf (/Users/lanqiuping/project/github/errorReport/backend/node_modules/egg-security/lib/middlewares/csrf.js:33:9)
    at dispatch (/Users/lanqiuping/project/github/errorReport/backend/node_modules/egg-security/node_modules/koa-compose/index.js:42:32)
    at /Users/lanqiuping/project/github/errorReport/backend/node_modules/egg-security/node_modules/koa-compose/index.js:34:12
    at dispatch (/Users/lanqiuping/project/github/errorReport/backend/node_modules/koa/node_modules/koa-compose/index.js:42:32)
    at session (/Users/lanqiuping/project/github/errorReport/backend/node_modules/koa-session/index.js:41:13)
    at dispatch (/Users/lanqiuping/project/github/errorReport/backend/node_modules/koa/node_modules/koa-compose/index.js:42:32)
    at overrideMethod (/Users/lanqiuping/project/github/errorReport/backend/node_modules/koa-override/index.js:38:12)
    at dispatch (/Users/lanqiuping/project/github/errorReport/backend/node_modules/koa/node_modules/koa-compose/index.js:42:32)
message: "missing csrf token"
pid: 24563
hostname: lanqiupingdeMacBook-Pro.local

2021-10-25 10:39:52,424 ERROR 90708 [-/::1/-/2ms GET /monitor/error] nodejs.TypeError: The first argument must be of type string or an instance of Buffer, ArrayBuffer, or Array or an Array-like Object. Received undefined
    at Function.from (buffer.js:330:9)
    at MonitorController.index (/Users/lanqiuping/project/github/errorReport/backend/app/controller/monitor.js:39:36)
    at Object.callFn (/Users/lanqiuping/project/github/errorReport/backend/node_modules/egg-core/lib/utils/index.js:44:21)
    at Object.classControllerMiddleware (/Users/lanqiuping/project/github/errorReport/backend/node_modules/egg-core/lib/loader/mixin/controller.js:87:20)
    at Object.callFn (/Users/lanqiuping/project/github/errorReport/backend/node_modules/@eggjs/router/lib/utils.js:12:21)
    at wrappedController (/Users/lanqiuping/project/github/errorReport/backend/node_modules/@eggjs/router/lib/egg_router.js:322:18)
    at dispatch (/Users/lanqiuping/project/github/errorReport/backend/node_modules/koa-compose/index.js:44:32)
    at next (/Users/lanqiuping/project/github/errorReport/backend/node_modules/koa-compose/index.js:45:18)
    at /Users/lanqiuping/project/github/errorReport/backend/node_modules/@eggjs/router/lib/router.js:186:18
    at dispatch (/Users/lanqiuping/project/github/errorReport/backend/node_modules/koa-compose/index.js:44:32)
code: "ERR_INVALID_ARG_TYPE"
pid: 90708
hostname: lanqiupingdeMacBook-Pro.local

2021-10-25 10:39:54,899 ERROR 90708 [-/::1/-/0ms GET /monitor/error] nodejs.TypeError: The first argument must be of type string or an instance of Buffer, ArrayBuffer, or Array or an Array-like Object. Received undefined
    at Function.from (buffer.js:330:9)
    at MonitorController.index (/Users/lanqiuping/project/github/errorReport/backend/app/controller/monitor.js:39:36)
    at Object.callFn (/Users/lanqiuping/project/github/errorReport/backend/node_modules/egg-core/lib/utils/index.js:44:21)
    at Object.classControllerMiddleware (/Users/lanqiuping/project/github/errorReport/backend/node_modules/egg-core/lib/loader/mixin/controller.js:87:20)
    at Object.callFn (/Users/lanqiuping/project/github/errorReport/backend/node_modules/@eggjs/router/lib/utils.js:12:21)
    at wrappedController (/Users/lanqiuping/project/github/errorReport/backend/node_modules/@eggjs/router/lib/egg_router.js:322:18)
    at dispatch (/Users/lanqiuping/project/github/errorReport/backend/node_modules/koa-compose/index.js:44:32)
    at next (/Users/lanqiuping/project/github/errorReport/backend/node_modules/koa-compose/index.js:45:18)
    at /Users/lanqiuping/project/github/errorReport/backend/node_modules/@eggjs/router/lib/router.js:186:18
    at dispatch (/Users/lanqiuping/project/github/errorReport/backend/node_modules/koa-compose/index.js:44:32)
code: "ERR_INVALID_ARG_TYPE"
pid: 90708
hostname: lanqiupingdeMacBook-Pro.local

2021-10-25 10:41:11,581 ERROR 92491 [-/::1/-/2ms GET /monitor/error] nodejs.TypeError: The first argument must be of type string or an instance of Buffer, ArrayBuffer, or Array or an Array-like Object. Received undefined
    at Function.from (buffer.js:330:9)
    at MonitorController.index (/Users/lanqiuping/project/github/errorReport/backend/app/controller/monitor.js:39:36)
    at Object.callFn (/Users/lanqiuping/project/github/errorReport/backend/node_modules/egg-core/lib/utils/index.js:44:21)
    at Object.classControllerMiddleware (/Users/lanqiuping/project/github/errorReport/backend/node_modules/egg-core/lib/loader/mixin/controller.js:87:20)
    at Object.callFn (/Users/lanqiuping/project/github/errorReport/backend/node_modules/@eggjs/router/lib/utils.js:12:21)
    at wrappedController (/Users/lanqiuping/project/github/errorReport/backend/node_modules/@eggjs/router/lib/egg_router.js:322:18)
    at dispatch (/Users/lanqiuping/project/github/errorReport/backend/node_modules/koa-compose/index.js:44:32)
    at next (/Users/lanqiuping/project/github/errorReport/backend/node_modules/koa-compose/index.js:45:18)
    at /Users/lanqiuping/project/github/errorReport/backend/node_modules/@eggjs/router/lib/router.js:186:18
    at dispatch (/Users/lanqiuping/project/github/errorReport/backend/node_modules/koa-compose/index.js:44:32)
code: "ERR_INVALID_ARG_TYPE"
pid: 92491
hostname: lanqiupingdeMacBook-Pro.local

2021-10-25 10:41:14,654 ERROR 92491 [-/::1/-/1ms GET /monitor/error] nodejs.TypeError: The first argument must be of type string or an instance of Buffer, ArrayBuffer, or Array or an Array-like Object. Received undefined
    at Function.from (buffer.js:330:9)
    at MonitorController.index (/Users/lanqiuping/project/github/errorReport/backend/app/controller/monitor.js:39:36)
    at Object.callFn (/Users/lanqiuping/project/github/errorReport/backend/node_modules/egg-core/lib/utils/index.js:44:21)
    at Object.classControllerMiddleware (/Users/lanqiuping/project/github/errorReport/backend/node_modules/egg-core/lib/loader/mixin/controller.js:87:20)
    at Object.callFn (/Users/lanqiuping/project/github/errorReport/backend/node_modules/@eggjs/router/lib/utils.js:12:21)
    at wrappedController (/Users/lanqiuping/project/github/errorReport/backend/node_modules/@eggjs/router/lib/egg_router.js:322:18)
    at dispatch (/Users/lanqiuping/project/github/errorReport/backend/node_modules/koa-compose/index.js:44:32)
    at next (/Users/lanqiuping/project/github/errorReport/backend/node_modules/koa-compose/index.js:45:18)
    at /Users/lanqiuping/project/github/errorReport/backend/node_modules/@eggjs/router/lib/router.js:186:18
    at dispatch (/Users/lanqiuping/project/github/errorReport/backend/node_modules/koa-compose/index.js:44:32)
code: "ERR_INVALID_ARG_TYPE"
pid: 92491
hostname: lanqiupingdeMacBook-Pro.local

2021-10-25 11:12:49,185 ERROR 2226 [-/::1/-/9ms GET /monitor/img?c={%22message%22:%22abc%20is%20not%20defined%22,%22stack%22:{%22column%22:4224,%22line%22:1,%22func%22:%22a.mounted%22,%22url%22:%22http://127.0.0.1:5500/dist/js/app.dfdac7d4.js%22}}] nodejs.TypeError: Cannot read property 'url' of undefined
    at MonitorController.img (/Users/lanqiuping/project/github/errorReport/backend/app/controller/monitor.js:66:55)
    at Object.callFn (/Users/lanqiuping/project/github/errorReport/backend/node_modules/egg-core/lib/utils/index.js:44:21)
    at Object.classControllerMiddleware (/Users/lanqiuping/project/github/errorReport/backend/node_modules/egg-core/lib/loader/mixin/controller.js:87:20)
    at Object.callFn (/Users/lanqiuping/project/github/errorReport/backend/node_modules/@eggjs/router/lib/utils.js:12:21)
    at wrappedController (/Users/lanqiuping/project/github/errorReport/backend/node_modules/@eggjs/router/lib/egg_router.js:322:18)
    at dispatch (/Users/lanqiuping/project/github/errorReport/backend/node_modules/koa-compose/index.js:44:32)
    at next (/Users/lanqiuping/project/github/errorReport/backend/node_modules/koa-compose/index.js:45:18)
    at /Users/lanqiuping/project/github/errorReport/backend/node_modules/@eggjs/router/lib/router.js:186:18
    at dispatch (/Users/lanqiuping/project/github/errorReport/backend/node_modules/koa-compose/index.js:44:32)
    at /Users/lanqiuping/project/github/errorReport/backend/node_modules/koa-compose/index.js:36:12

pid: 2226
hostname: lanqiupingdeMacBook-Pro.local

2021-10-25 11:20:45,518 ERROR 4757 [-/::1/-/10ms GET /monitor/img?c={%22message%22:%22abc%20is%20not%20defined%22,%22stack%22:{%22column%22:4224,%22line%22:1,%22func%22:%22a.mounted%22,%22url%22:%22http://127.0.0.1:5500/dist/js/app.dfdac7d4.js%22}}] nodejs.SyntaxError: Unexpected token u in JSON at position 0
    at JSON.parse (<anonymous>)
    at MonitorController.img (/Users/lanqiuping/project/github/errorReport/backend/app/controller/monitor.js:66:29)
    at Object.callFn (/Users/lanqiuping/project/github/errorReport/backend/node_modules/egg-core/lib/utils/index.js:44:21)
    at Object.classControllerMiddleware (/Users/lanqiuping/project/github/errorReport/backend/node_modules/egg-core/lib/loader/mixin/controller.js:87:20)
    at Object.callFn (/Users/lanqiuping/project/github/errorReport/backend/node_modules/@eggjs/router/lib/utils.js:12:21)
    at wrappedController (/Users/lanqiuping/project/github/errorReport/backend/node_modules/@eggjs/router/lib/egg_router.js:322:18)
    at dispatch (/Users/lanqiuping/project/github/errorReport/backend/node_modules/koa-compose/index.js:44:32)
    at next (/Users/lanqiuping/project/github/errorReport/backend/node_modules/koa-compose/index.js:45:18)
    at /Users/lanqiuping/project/github/errorReport/backend/node_modules/@eggjs/router/lib/router.js:186:18
    at dispatch (/Users/lanqiuping/project/github/errorReport/backend/node_modules/koa-compose/index.js:44:32)

pid: 4757
hostname: lanqiupingdeMacBook-Pro.local

2021-10-25 11:24:53,769 ERROR 6001 [-/::1/-/12ms GET /monitor/img?c={%22message%22:%22abc%20is%20not%20defined%22,%22stack%22:{%22column%22:4224,%22line%22:1,%22func%22:%22a.mounted%22,%22url%22:%22http://127.0.0.1:5500/dist/js/app.dfdac7d4.js%22}}] nodejs.TypeError: Cannot read property 'c' of undefined
    at MonitorController.img (/Users/lanqiuping/project/github/errorReport/backend/app/controller/monitor.js:68:45)
    at Object.callFn (/Users/lanqiuping/project/github/errorReport/backend/node_modules/egg-core/lib/utils/index.js:44:21)
    at Object.classControllerMiddleware (/Users/lanqiuping/project/github/errorReport/backend/node_modules/egg-core/lib/loader/mixin/controller.js:87:20)
    at Object.callFn (/Users/lanqiuping/project/github/errorReport/backend/node_modules/@eggjs/router/lib/utils.js:12:21)
    at wrappedController (/Users/lanqiuping/project/github/errorReport/backend/node_modules/@eggjs/router/lib/egg_router.js:322:18)
    at dispatch (/Users/lanqiuping/project/github/errorReport/backend/node_modules/koa-compose/index.js:44:32)
    at next (/Users/lanqiuping/project/github/errorReport/backend/node_modules/koa-compose/index.js:45:18)
    at /Users/lanqiuping/project/github/errorReport/backend/node_modules/@eggjs/router/lib/router.js:186:18
    at dispatch (/Users/lanqiuping/project/github/errorReport/backend/node_modules/koa-compose/index.js:44:32)
    at /Users/lanqiuping/project/github/errorReport/backend/node_modules/koa-compose/index.js:36:12

pid: 6001
hostname: lanqiupingdeMacBook-Pro.local

2021-10-25 11:25:05,466 ERROR 6102 [-/::1/-/12ms GET /monitor/img?c={%22message%22:%22abc%20is%20not%20defined%22,%22stack%22:{%22column%22:4224,%22line%22:1,%22func%22:%22a.mounted%22,%22url%22:%22http://127.0.0.1:5500/dist/js/app.dfdac7d4.js%22}}] nodejs.TypeError: The "path" argument must be of type string. Received an instance of Object
    at validateString (internal/validators.js:124:11)
    at Object.parse (path.js:1422:5)
    at MonitorController.img (/Users/lanqiuping/project/github/errorReport/backend/app/controller/monitor.js:68:29)
    at Object.callFn (/Users/lanqiuping/project/github/errorReport/backend/node_modules/egg-core/lib/utils/index.js:44:21)
    at Object.classControllerMiddleware (/Users/lanqiuping/project/github/errorReport/backend/node_modules/egg-core/lib/loader/mixin/controller.js:87:20)
    at Object.callFn (/Users/lanqiuping/project/github/errorReport/backend/node_modules/@eggjs/router/lib/utils.js:12:21)
    at wrappedController (/Users/lanqiuping/project/github/errorReport/backend/node_modules/@eggjs/router/lib/egg_router.js:322:18)
    at dispatch (/Users/lanqiuping/project/github/errorReport/backend/node_modules/koa-compose/index.js:44:32)
    at next (/Users/lanqiuping/project/github/errorReport/backend/node_modules/koa-compose/index.js:45:18)
    at /Users/lanqiuping/project/github/errorReport/backend/node_modules/@eggjs/router/lib/router.js:186:18
code: "ERR_INVALID_ARG_TYPE"
pid: 6102
hostname: lanqiupingdeMacBook-Pro.local

2021-10-27 16:42:27,268 ERROR 55915 [-/127.0.0.1/-/5ms POST /monitor/sourcemap] nodejs.TypeError: The "path" argument must be of type string. Received undefined
    at validateString (internal/validators.js:124:11)
    at Object.join (path.js:1148:7)
    at MonitorController.upload (/Users/lanqiuping/project/github/monitoring-system/backend/app/controller/monitor.js:32:25)
    at Object.callFn (/Users/lanqiuping/project/github/monitoring-system/backend/node_modules/egg-core/lib/utils/index.js:44:21)
    at Object.classControllerMiddleware (/Users/lanqiuping/project/github/monitoring-system/backend/node_modules/egg-core/lib/loader/mixin/controller.js:87:20)
    at Object.callFn (/Users/lanqiuping/project/github/monitoring-system/backend/node_modules/@eggjs/router/lib/utils.js:12:21)
    at wrappedController (/Users/lanqiuping/project/github/monitoring-system/backend/node_modules/@eggjs/router/lib/egg_router.js:322:18)
    at dispatch (/Users/lanqiuping/project/github/monitoring-system/backend/node_modules/koa-compose/index.js:44:32)
    at next (/Users/lanqiuping/project/github/monitoring-system/backend/node_modules/koa-compose/index.js:45:18)
    at /Users/lanqiuping/project/github/monitoring-system/backend/node_modules/@eggjs/router/lib/router.js:186:18
code: "ERR_INVALID_ARG_TYPE"
pid: 55915
hostname: lanqiupingdeMacBook-Pro.local

2021-10-27 16:42:27,319 ERROR 55915 [-/127.0.0.1/-/0ms POST /monitor/sourcemap] nodejs.TypeError: The "path" argument must be of type string. Received undefined
    at validateString (internal/validators.js:124:11)
    at Object.join (path.js:1148:7)
    at MonitorController.upload (/Users/lanqiuping/project/github/monitoring-system/backend/app/controller/monitor.js:32:25)
    at Object.callFn (/Users/lanqiuping/project/github/monitoring-system/backend/node_modules/egg-core/lib/utils/index.js:44:21)
    at Object.classControllerMiddleware (/Users/lanqiuping/project/github/monitoring-system/backend/node_modules/egg-core/lib/loader/mixin/controller.js:87:20)
    at Object.callFn (/Users/lanqiuping/project/github/monitoring-system/backend/node_modules/@eggjs/router/lib/utils.js:12:21)
    at wrappedController (/Users/lanqiuping/project/github/monitoring-system/backend/node_modules/@eggjs/router/lib/egg_router.js:322:18)
    at dispatch (/Users/lanqiuping/project/github/monitoring-system/backend/node_modules/koa-compose/index.js:44:32)
    at next (/Users/lanqiuping/project/github/monitoring-system/backend/node_modules/koa-compose/index.js:45:18)
    at /Users/lanqiuping/project/github/monitoring-system/backend/node_modules/@eggjs/router/lib/router.js:186:18
code: "ERR_INVALID_ARG_TYPE"
pid: 55915
hostname: lanqiupingdeMacBook-Pro.local

2021-10-27 16:43:27,025 ERROR 62321 [-/127.0.0.1/-/5ms POST /monitor/sourcemap] nodejs.TypeError: The "path" argument must be of type string. Received undefined
    at validateString (internal/validators.js:124:11)
    at Object.join (path.js:1148:7)
    at MonitorController.upload (/Users/lanqiuping/project/github/monitoring-system/backend/app/controller/monitor.js:32:25)
    at Object.callFn (/Users/lanqiuping/project/github/monitoring-system/backend/node_modules/egg-core/lib/utils/index.js:44:21)
    at Object.classControllerMiddleware (/Users/lanqiuping/project/github/monitoring-system/backend/node_modules/egg-core/lib/loader/mixin/controller.js:87:20)
    at Object.callFn (/Users/lanqiuping/project/github/monitoring-system/backend/node_modules/@eggjs/router/lib/utils.js:12:21)
    at wrappedController (/Users/lanqiuping/project/github/monitoring-system/backend/node_modules/@eggjs/router/lib/egg_router.js:322:18)
    at dispatch (/Users/lanqiuping/project/github/monitoring-system/backend/node_modules/koa-compose/index.js:44:32)
    at next (/Users/lanqiuping/project/github/monitoring-system/backend/node_modules/koa-compose/index.js:45:18)
    at /Users/lanqiuping/project/github/monitoring-system/backend/node_modules/@eggjs/router/lib/router.js:186:18
code: "ERR_INVALID_ARG_TYPE"
pid: 62321
hostname: lanqiupingdeMacBook-Pro.local

2021-10-27 16:43:27,060 ERROR 62321 [-/127.0.0.1/-/0ms POST /monitor/sourcemap] nodejs.TypeError: The "path" argument must be of type string. Received undefined
    at validateString (internal/validators.js:124:11)
    at Object.join (path.js:1148:7)
    at MonitorController.upload (/Users/lanqiuping/project/github/monitoring-system/backend/app/controller/monitor.js:32:25)
    at Object.callFn (/Users/lanqiuping/project/github/monitoring-system/backend/node_modules/egg-core/lib/utils/index.js:44:21)
    at Object.classControllerMiddleware (/Users/lanqiuping/project/github/monitoring-system/backend/node_modules/egg-core/lib/loader/mixin/controller.js:87:20)
    at Object.callFn (/Users/lanqiuping/project/github/monitoring-system/backend/node_modules/@eggjs/router/lib/utils.js:12:21)
    at wrappedController (/Users/lanqiuping/project/github/monitoring-system/backend/node_modules/@eggjs/router/lib/egg_router.js:322:18)
    at dispatch (/Users/lanqiuping/project/github/monitoring-system/backend/node_modules/koa-compose/index.js:44:32)
    at next (/Users/lanqiuping/project/github/monitoring-system/backend/node_modules/koa-compose/index.js:45:18)
    at /Users/lanqiuping/project/github/monitoring-system/backend/node_modules/@eggjs/router/lib/router.js:186:18
code: "ERR_INVALID_ARG_TYPE"
pid: 62321
hostname: lanqiupingdeMacBook-Pro.local

2021-10-27 16:49:49,904 ERROR 64582 [-/127.0.0.1/-/7ms POST /monitor/sourcemap?filename=app.d0c4a1eb.js.map] nodejs.TypeError: The "path" argument must be of type string. Received undefined
    at validateString (internal/validators.js:124:11)
    at Object.join (path.js:1148:7)
    at MonitorController.upload (/Users/lanqiuping/project/github/monitoring-system/backend/app/controller/monitor.js:33:25)
    at Object.callFn (/Users/lanqiuping/project/github/monitoring-system/backend/node_modules/egg-core/lib/utils/index.js:44:21)
    at Object.classControllerMiddleware (/Users/lanqiuping/project/github/monitoring-system/backend/node_modules/egg-core/lib/loader/mixin/controller.js:87:20)
    at Object.callFn (/Users/lanqiuping/project/github/monitoring-system/backend/node_modules/@eggjs/router/lib/utils.js:12:21)
    at wrappedController (/Users/lanqiuping/project/github/monitoring-system/backend/node_modules/@eggjs/router/lib/egg_router.js:322:18)
    at dispatch (/Users/lanqiuping/project/github/monitoring-system/backend/node_modules/koa-compose/index.js:44:32)
    at next (/Users/lanqiuping/project/github/monitoring-system/backend/node_modules/koa-compose/index.js:45:18)
    at /Users/lanqiuping/project/github/monitoring-system/backend/node_modules/@eggjs/router/lib/router.js:186:18
code: "ERR_INVALID_ARG_TYPE"
pid: 64582
hostname: lanqiupingdeMacBook-Pro.local

2021-10-27 16:49:49,937 ERROR 64582 [-/127.0.0.1/-/1ms POST /monitor/sourcemap?filename=chunk-vendors.5887e34e.js.map] nodejs.TypeError: The "path" argument must be of type string. Received undefined
    at validateString (internal/validators.js:124:11)
    at Object.join (path.js:1148:7)
    at MonitorController.upload (/Users/lanqiuping/project/github/monitoring-system/backend/app/controller/monitor.js:33:25)
    at Object.callFn (/Users/lanqiuping/project/github/monitoring-system/backend/node_modules/egg-core/lib/utils/index.js:44:21)
    at Object.classControllerMiddleware (/Users/lanqiuping/project/github/monitoring-system/backend/node_modules/egg-core/lib/loader/mixin/controller.js:87:20)
    at Object.callFn (/Users/lanqiuping/project/github/monitoring-system/backend/node_modules/@eggjs/router/lib/utils.js:12:21)
    at wrappedController (/Users/lanqiuping/project/github/monitoring-system/backend/node_modules/@eggjs/router/lib/egg_router.js:322:18)
    at dispatch (/Users/lanqiuping/project/github/monitoring-system/backend/node_modules/koa-compose/index.js:44:32)
    at next (/Users/lanqiuping/project/github/monitoring-system/backend/node_modules/koa-compose/index.js:45:18)
    at /Users/lanqiuping/project/github/monitoring-system/backend/node_modules/@eggjs/router/lib/router.js:186:18
code: "ERR_INVALID_ARG_TYPE"
pid: 64582
hostname: lanqiupingdeMacBook-Pro.local

2021-10-27 16:50:02,259 ERROR 64721 [-/127.0.0.1/-/8ms POST /monitor/sourcemap?filename=app.d0c4a1eb.js.map] nodejs.TypeError: The "path" argument must be of type string. Received undefined
    at validateString (internal/validators.js:124:11)
    at Object.join (path.js:1148:7)
    at MonitorController.upload (/Users/lanqiuping/project/github/monitoring-system/backend/app/controller/monitor.js:33:25)
    at Object.callFn (/Users/lanqiuping/project/github/monitoring-system/backend/node_modules/egg-core/lib/utils/index.js:44:21)
    at Object.classControllerMiddleware (/Users/lanqiuping/project/github/monitoring-system/backend/node_modules/egg-core/lib/loader/mixin/controller.js:87:20)
    at Object.callFn (/Users/lanqiuping/project/github/monitoring-system/backend/node_modules/@eggjs/router/lib/utils.js:12:21)
    at wrappedController (/Users/lanqiuping/project/github/monitoring-system/backend/node_modules/@eggjs/router/lib/egg_router.js:322:18)
    at dispatch (/Users/lanqiuping/project/github/monitoring-system/backend/node_modules/koa-compose/index.js:44:32)
    at next (/Users/lanqiuping/project/github/monitoring-system/backend/node_modules/koa-compose/index.js:45:18)
    at /Users/lanqiuping/project/github/monitoring-system/backend/node_modules/@eggjs/router/lib/router.js:186:18
code: "ERR_INVALID_ARG_TYPE"
pid: 64721
hostname: lanqiupingdeMacBook-Pro.local

2021-10-27 16:50:02,288 ERROR 64721 [-/127.0.0.1/-/1ms POST /monitor/sourcemap?filename=chunk-vendors.5887e34e.js.map] nodejs.TypeError: The "path" argument must be of type string. Received undefined
    at validateString (internal/validators.js:124:11)
    at Object.join (path.js:1148:7)
    at MonitorController.upload (/Users/lanqiuping/project/github/monitoring-system/backend/app/controller/monitor.js:33:25)
    at Object.callFn (/Users/lanqiuping/project/github/monitoring-system/backend/node_modules/egg-core/lib/utils/index.js:44:21)
    at Object.classControllerMiddleware (/Users/lanqiuping/project/github/monitoring-system/backend/node_modules/egg-core/lib/loader/mixin/controller.js:87:20)
    at Object.callFn (/Users/lanqiuping/project/github/monitoring-system/backend/node_modules/@eggjs/router/lib/utils.js:12:21)
    at wrappedController (/Users/lanqiuping/project/github/monitoring-system/backend/node_modules/@eggjs/router/lib/egg_router.js:322:18)
    at dispatch (/Users/lanqiuping/project/github/monitoring-system/backend/node_modules/koa-compose/index.js:44:32)
    at next (/Users/lanqiuping/project/github/monitoring-system/backend/node_modules/koa-compose/index.js:45:18)
    at /Users/lanqiuping/project/github/monitoring-system/backend/node_modules/@eggjs/router/lib/router.js:186:18
code: "ERR_INVALID_ARG_TYPE"
pid: 64721
hostname: lanqiupingdeMacBook-Pro.local

2021-10-27 16:51:14,802 ERROR 65166 [-/127.0.0.1/-/7ms POST /monitor/sourcemap?filename=app.d0c4a1eb.js.map] nodejs.TypeError: The "path" argument must be of type string. Received undefined
    at validateString (internal/validators.js:124:11)
    at Object.join (path.js:1148:7)
    at MonitorController.upload (/Users/lanqiuping/project/github/monitoring-system/backend/app/controller/monitor.js:33:25)
    at Object.callFn (/Users/lanqiuping/project/github/monitoring-system/backend/node_modules/egg-core/lib/utils/index.js:44:21)
    at Object.classControllerMiddleware (/Users/lanqiuping/project/github/monitoring-system/backend/node_modules/egg-core/lib/loader/mixin/controller.js:87:20)
    at Object.callFn (/Users/lanqiuping/project/github/monitoring-system/backend/node_modules/@eggjs/router/lib/utils.js:12:21)
    at wrappedController (/Users/lanqiuping/project/github/monitoring-system/backend/node_modules/@eggjs/router/lib/egg_router.js:322:18)
    at dispatch (/Users/lanqiuping/project/github/monitoring-system/backend/node_modules/koa-compose/index.js:44:32)
    at next (/Users/lanqiuping/project/github/monitoring-system/backend/node_modules/koa-compose/index.js:45:18)
    at /Users/lanqiuping/project/github/monitoring-system/backend/node_modules/@eggjs/router/lib/router.js:186:18
code: "ERR_INVALID_ARG_TYPE"
pid: 65166
hostname: lanqiupingdeMacBook-Pro.local

2021-10-27 16:51:14,837 ERROR 65166 [-/127.0.0.1/-/1ms POST /monitor/sourcemap?filename=chunk-vendors.5887e34e.js.map] nodejs.TypeError: The "path" argument must be of type string. Received undefined
    at validateString (internal/validators.js:124:11)
    at Object.join (path.js:1148:7)
    at MonitorController.upload (/Users/lanqiuping/project/github/monitoring-system/backend/app/controller/monitor.js:33:25)
    at Object.callFn (/Users/lanqiuping/project/github/monitoring-system/backend/node_modules/egg-core/lib/utils/index.js:44:21)
    at Object.classControllerMiddleware (/Users/lanqiuping/project/github/monitoring-system/backend/node_modules/egg-core/lib/loader/mixin/controller.js:87:20)
    at Object.callFn (/Users/lanqiuping/project/github/monitoring-system/backend/node_modules/@eggjs/router/lib/utils.js:12:21)
    at wrappedController (/Users/lanqiuping/project/github/monitoring-system/backend/node_modules/@eggjs/router/lib/egg_router.js:322:18)
    at dispatch (/Users/lanqiuping/project/github/monitoring-system/backend/node_modules/koa-compose/index.js:44:32)
    at next (/Users/lanqiuping/project/github/monitoring-system/backend/node_modules/koa-compose/index.js:45:18)
    at /Users/lanqiuping/project/github/monitoring-system/backend/node_modules/@eggjs/router/lib/router.js:186:18
code: "ERR_INVALID_ARG_TYPE"
pid: 65166
hostname: lanqiupingdeMacBook-Pro.local

2021-10-27 16:55:12,617 ERROR 66689 [-/127.0.0.1/-/6ms POST /monitor/sourcemap?filename=app.d0c4a1eb.js.map] nodejs.EPERMError: EPERM: operation not permitted, unlink '/Users/lanqiuping/project/github/monitoring-system/backend/uploads'
    at Object.unlinkSync (fs.js:1251:3)
    at MonitorController.upload (/Users/lanqiuping/project/github/monitoring-system/backend/app/controller/monitor.js:30:10)
    at Object.callFn (/Users/lanqiuping/project/github/monitoring-system/backend/node_modules/egg-core/lib/utils/index.js:44:21)
    at Object.classControllerMiddleware (/Users/lanqiuping/project/github/monitoring-system/backend/node_modules/egg-core/lib/loader/mixin/controller.js:87:20)
    at Object.callFn (/Users/lanqiuping/project/github/monitoring-system/backend/node_modules/@eggjs/router/lib/utils.js:12:21)
    at wrappedController (/Users/lanqiuping/project/github/monitoring-system/backend/node_modules/@eggjs/router/lib/egg_router.js:322:18)
    at dispatch (/Users/lanqiuping/project/github/monitoring-system/backend/node_modules/koa-compose/index.js:44:32)
    at next (/Users/lanqiuping/project/github/monitoring-system/backend/node_modules/koa-compose/index.js:45:18)
    at /Users/lanqiuping/project/github/monitoring-system/backend/node_modules/@eggjs/router/lib/router.js:186:18
    at dispatch (/Users/lanqiuping/project/github/monitoring-system/backend/node_modules/koa-compose/index.js:44:32)
errno: -1
syscall: "unlink"
code: "EPERM"
path: "/Users/lanqiuping/project/github/monitoring-system/backend/uploads"
name: "EPERMError"
pid: 66689
hostname: lanqiupingdeMacBook-Pro.local

2021-10-27 16:55:12,652 ERROR 66689 [-/127.0.0.1/-/1ms POST /monitor/sourcemap?filename=chunk-vendors.5887e34e.js.map] nodejs.EPERMError: EPERM: operation not permitted, unlink '/Users/lanqiuping/project/github/monitoring-system/backend/uploads'
    at Object.unlinkSync (fs.js:1251:3)
    at MonitorController.upload (/Users/lanqiuping/project/github/monitoring-system/backend/app/controller/monitor.js:30:10)
    at Object.callFn (/Users/lanqiuping/project/github/monitoring-system/backend/node_modules/egg-core/lib/utils/index.js:44:21)
    at Object.classControllerMiddleware (/Users/lanqiuping/project/github/monitoring-system/backend/node_modules/egg-core/lib/loader/mixin/controller.js:87:20)
    at Object.callFn (/Users/lanqiuping/project/github/monitoring-system/backend/node_modules/@eggjs/router/lib/utils.js:12:21)
    at wrappedController (/Users/lanqiuping/project/github/monitoring-system/backend/node_modules/@eggjs/router/lib/egg_router.js:322:18)
    at dispatch (/Users/lanqiuping/project/github/monitoring-system/backend/node_modules/koa-compose/index.js:44:32)
    at next (/Users/lanqiuping/project/github/monitoring-system/backend/node_modules/koa-compose/index.js:45:18)
    at /Users/lanqiuping/project/github/monitoring-system/backend/node_modules/@eggjs/router/lib/router.js:186:18
    at dispatch (/Users/lanqiuping/project/github/monitoring-system/backend/node_modules/koa-compose/index.js:44:32)
errno: -1
syscall: "unlink"
code: "EPERM"
path: "/Users/lanqiuping/project/github/monitoring-system/backend/uploads"
name: "EPERMError"
pid: 66689
hostname: lanqiupingdeMacBook-Pro.local

2021-10-27 16:56:34,889 ERROR 67524 [-/127.0.0.1/-/8ms POST /monitor/sourcemap?filename=app.d0c4a1eb.js.map] nodejs.EPERMError: EPERM: operation not permitted, unlink '/Users/lanqiuping/project/github/monitoring-system/backend/uploads'
    at Object.unlinkSync (fs.js:1251:3)
    at MonitorController.upload (/Users/lanqiuping/project/github/monitoring-system/backend/app/controller/monitor.js:30:10)
    at Object.callFn (/Users/lanqiuping/project/github/monitoring-system/backend/node_modules/egg-core/lib/utils/index.js:44:21)
    at Object.classControllerMiddleware (/Users/lanqiuping/project/github/monitoring-system/backend/node_modules/egg-core/lib/loader/mixin/controller.js:87:20)
    at Object.callFn (/Users/lanqiuping/project/github/monitoring-system/backend/node_modules/@eggjs/router/lib/utils.js:12:21)
    at wrappedController (/Users/lanqiuping/project/github/monitoring-system/backend/node_modules/@eggjs/router/lib/egg_router.js:322:18)
    at dispatch (/Users/lanqiuping/project/github/monitoring-system/backend/node_modules/koa-compose/index.js:44:32)
    at next (/Users/lanqiuping/project/github/monitoring-system/backend/node_modules/koa-compose/index.js:45:18)
    at /Users/lanqiuping/project/github/monitoring-system/backend/node_modules/@eggjs/router/lib/router.js:186:18
    at dispatch (/Users/lanqiuping/project/github/monitoring-system/backend/node_modules/koa-compose/index.js:44:32)
errno: -1
syscall: "unlink"
code: "EPERM"
path: "/Users/lanqiuping/project/github/monitoring-system/backend/uploads"
name: "EPERMError"
pid: 67524
hostname: lanqiupingdeMacBook-Pro.local

2021-10-27 16:56:34,922 ERROR 67524 [-/127.0.0.1/-/1ms POST /monitor/sourcemap?filename=chunk-vendors.5887e34e.js.map] nodejs.EPERMError: EPERM: operation not permitted, unlink '/Users/lanqiuping/project/github/monitoring-system/backend/uploads'
    at Object.unlinkSync (fs.js:1251:3)
    at MonitorController.upload (/Users/lanqiuping/project/github/monitoring-system/backend/app/controller/monitor.js:30:10)
    at Object.callFn (/Users/lanqiuping/project/github/monitoring-system/backend/node_modules/egg-core/lib/utils/index.js:44:21)
    at Object.classControllerMiddleware (/Users/lanqiuping/project/github/monitoring-system/backend/node_modules/egg-core/lib/loader/mixin/controller.js:87:20)
    at Object.callFn (/Users/lanqiuping/project/github/monitoring-system/backend/node_modules/@eggjs/router/lib/utils.js:12:21)
    at wrappedController (/Users/lanqiuping/project/github/monitoring-system/backend/node_modules/@eggjs/router/lib/egg_router.js:322:18)
    at dispatch (/Users/lanqiuping/project/github/monitoring-system/backend/node_modules/koa-compose/index.js:44:32)
    at next (/Users/lanqiuping/project/github/monitoring-system/backend/node_modules/koa-compose/index.js:45:18)
    at /Users/lanqiuping/project/github/monitoring-system/backend/node_modules/@eggjs/router/lib/router.js:186:18
    at dispatch (/Users/lanqiuping/project/github/monitoring-system/backend/node_modules/koa-compose/index.js:44:32)
errno: -1
syscall: "unlink"
code: "EPERM"
path: "/Users/lanqiuping/project/github/monitoring-system/backend/uploads"
name: "EPERMError"
pid: 67524
hostname: lanqiupingdeMacBook-Pro.local

