2021-10-25 10:39:52,423 ERROR 90708 [-/::1/-/2ms GET /monitor/error] nodejs.TypeError: The first argument must be of type string or an instance of Buffer, ArrayBuffer, or Array or an Array-like Object. Received undefined
    at Function.from (buffer.js:330:9)
    at MonitorController.index (/Users/lanqiuping/project/github/errorReport/backend/app/controller/monitor.js:39:36)
    at Object.callFn (/Users/lanqiuping/project/github/errorReport/backend/node_modules/egg-core/lib/utils/index.js:44:21)
    at Object.classControllerMiddleware (/Users/lanqiuping/project/github/errorReport/backend/node_modules/egg-core/lib/loader/mixin/controller.js:87:20)
    at Object.callFn (/Users/lanqiuping/project/github/errorReport/backend/node_modules/@eggjs/router/lib/utils.js:12:21)
    at wrappedController (/Users/lanqiuping/project/github/errorReport/backend/node_modules/@eggjs/router/lib/egg_router.js:322:18)
    at dispatch (/Users/lanqiuping/project/github/errorReport/backend/node_modules/koa-compose/index.js:44:32)
    at next (/Users/lanqiuping/project/github/errorReport/backend/node_modules/koa-compose/index.js:45:18)
    at /Users/lanqiuping/project/github/errorReport/backend/node_modules/@eggjs/router/lib/router.js:186:18
    at dispatch (/Users/lanqiuping/project/github/errorReport/backend/node_modules/koa-compose/index.js:44:32)
code: "ERR_INVALID_ARG_TYPE"
pid: 90708
hostname: lanqiupingdeMacBook-Pro.local

2021-10-25 10:39:54,899 ERROR 90708 [-/::1/-/0ms GET /monitor/error] nodejs.TypeError: The first argument must be of type string or an instance of Buffer, ArrayBuffer, or Array or an Array-like Object. Received undefined
    at Function.from (buffer.js:330:9)
    at MonitorController.index (/Users/lanqiuping/project/github/errorReport/backend/app/controller/monitor.js:39:36)
    at Object.callFn (/Users/lanqiuping/project/github/errorReport/backend/node_modules/egg-core/lib/utils/index.js:44:21)
    at Object.classControllerMiddleware (/Users/lanqiuping/project/github/errorReport/backend/node_modules/egg-core/lib/loader/mixin/controller.js:87:20)
    at Object.callFn (/Users/lanqiuping/project/github/errorReport/backend/node_modules/@eggjs/router/lib/utils.js:12:21)
    at wrappedController (/Users/lanqiuping/project/github/errorReport/backend/node_modules/@eggjs/router/lib/egg_router.js:322:18)
    at dispatch (/Users/lanqiuping/project/github/errorReport/backend/node_modules/koa-compose/index.js:44:32)
    at next (/Users/lanqiuping/project/github/errorReport/backend/node_modules/koa-compose/index.js:45:18)
    at /Users/lanqiuping/project/github/errorReport/backend/node_modules/@eggjs/router/lib/router.js:186:18
    at dispatch (/Users/lanqiuping/project/github/errorReport/backend/node_modules/koa-compose/index.js:44:32)
code: "ERR_INVALID_ARG_TYPE"
pid: 90708
hostname: lanqiupingdeMacBook-Pro.local

2021-10-25 10:41:11,581 ERROR 92491 [-/::1/-/2ms GET /monitor/error] nodejs.TypeError: The first argument must be of type string or an instance of Buffer, ArrayBuffer, or Array or an Array-like Object. Received undefined
    at Function.from (buffer.js:330:9)
    at MonitorController.index (/Users/lanqiuping/project/github/errorReport/backend/app/controller/monitor.js:39:36)
    at Object.callFn (/Users/lanqiuping/project/github/errorReport/backend/node_modules/egg-core/lib/utils/index.js:44:21)
    at Object.classControllerMiddleware (/Users/lanqiuping/project/github/errorReport/backend/node_modules/egg-core/lib/loader/mixin/controller.js:87:20)
    at Object.callFn (/Users/lanqiuping/project/github/errorReport/backend/node_modules/@eggjs/router/lib/utils.js:12:21)
    at wrappedController (/Users/lanqiuping/project/github/errorReport/backend/node_modules/@eggjs/router/lib/egg_router.js:322:18)
    at dispatch (/Users/lanqiuping/project/github/errorReport/backend/node_modules/koa-compose/index.js:44:32)
    at next (/Users/lanqiuping/project/github/errorReport/backend/node_modules/koa-compose/index.js:45:18)
    at /Users/lanqiuping/project/github/errorReport/backend/node_modules/@eggjs/router/lib/router.js:186:18
    at dispatch (/Users/lanqiuping/project/github/errorReport/backend/node_modules/koa-compose/index.js:44:32)
code: "ERR_INVALID_ARG_TYPE"
pid: 92491
hostname: lanqiupingdeMacBook-Pro.local

2021-10-25 10:41:14,654 ERROR 92491 [-/::1/-/1ms GET /monitor/error] nodejs.TypeError: The first argument must be of type string or an instance of Buffer, ArrayBuffer, or Array or an Array-like Object. Received undefined
    at Function.from (buffer.js:330:9)
    at MonitorController.index (/Users/lanqiuping/project/github/errorReport/backend/app/controller/monitor.js:39:36)
    at Object.callFn (/Users/lanqiuping/project/github/errorReport/backend/node_modules/egg-core/lib/utils/index.js:44:21)
    at Object.classControllerMiddleware (/Users/lanqiuping/project/github/errorReport/backend/node_modules/egg-core/lib/loader/mixin/controller.js:87:20)
    at Object.callFn (/Users/lanqiuping/project/github/errorReport/backend/node_modules/@eggjs/router/lib/utils.js:12:21)
    at wrappedController (/Users/lanqiuping/project/github/errorReport/backend/node_modules/@eggjs/router/lib/egg_router.js:322:18)
    at dispatch (/Users/lanqiuping/project/github/errorReport/backend/node_modules/koa-compose/index.js:44:32)
    at next (/Users/lanqiuping/project/github/errorReport/backend/node_modules/koa-compose/index.js:45:18)
    at /Users/lanqiuping/project/github/errorReport/backend/node_modules/@eggjs/router/lib/router.js:186:18
    at dispatch (/Users/lanqiuping/project/github/errorReport/backend/node_modules/koa-compose/index.js:44:32)
code: "ERR_INVALID_ARG_TYPE"
pid: 92491
hostname: lanqiupingdeMacBook-Pro.local

2021-10-25 11:12:49,184 ERROR 2226 [-/::1/-/9ms GET /monitor/img?c={%22message%22:%22abc%20is%20not%20defined%22,%22stack%22:{%22column%22:4224,%22line%22:1,%22func%22:%22a.mounted%22,%22url%22:%22http://127.0.0.1:5500/dist/js/app.dfdac7d4.js%22}}] nodejs.TypeError: Cannot read property 'url' of undefined
    at MonitorController.img (/Users/lanqiuping/project/github/errorReport/backend/app/controller/monitor.js:66:55)
    at Object.callFn (/Users/lanqiuping/project/github/errorReport/backend/node_modules/egg-core/lib/utils/index.js:44:21)
    at Object.classControllerMiddleware (/Users/lanqiuping/project/github/errorReport/backend/node_modules/egg-core/lib/loader/mixin/controller.js:87:20)
    at Object.callFn (/Users/lanqiuping/project/github/errorReport/backend/node_modules/@eggjs/router/lib/utils.js:12:21)
    at wrappedController (/Users/lanqiuping/project/github/errorReport/backend/node_modules/@eggjs/router/lib/egg_router.js:322:18)
    at dispatch (/Users/lanqiuping/project/github/errorReport/backend/node_modules/koa-compose/index.js:44:32)
    at next (/Users/lanqiuping/project/github/errorReport/backend/node_modules/koa-compose/index.js:45:18)
    at /Users/lanqiuping/project/github/errorReport/backend/node_modules/@eggjs/router/lib/router.js:186:18
    at dispatch (/Users/lanqiuping/project/github/errorReport/backend/node_modules/koa-compose/index.js:44:32)
    at /Users/lanqiuping/project/github/errorReport/backend/node_modules/koa-compose/index.js:36:12

pid: 2226
hostname: lanqiupingdeMacBook-Pro.local

2021-10-25 11:20:45,517 ERROR 4757 [-/::1/-/10ms GET /monitor/img?c={%22message%22:%22abc%20is%20not%20defined%22,%22stack%22:{%22column%22:4224,%22line%22:1,%22func%22:%22a.mounted%22,%22url%22:%22http://127.0.0.1:5500/dist/js/app.dfdac7d4.js%22}}] nodejs.SyntaxError: Unexpected token u in JSON at position 0
    at JSON.parse (<anonymous>)
    at MonitorController.img (/Users/lanqiuping/project/github/errorReport/backend/app/controller/monitor.js:66:29)
    at Object.callFn (/Users/lanqiuping/project/github/errorReport/backend/node_modules/egg-core/lib/utils/index.js:44:21)
    at Object.classControllerMiddleware (/Users/lanqiuping/project/github/errorReport/backend/node_modules/egg-core/lib/loader/mixin/controller.js:87:20)
    at Object.callFn (/Users/lanqiuping/project/github/errorReport/backend/node_modules/@eggjs/router/lib/utils.js:12:21)
    at wrappedController (/Users/lanqiuping/project/github/errorReport/backend/node_modules/@eggjs/router/lib/egg_router.js:322:18)
    at dispatch (/Users/lanqiuping/project/github/errorReport/backend/node_modules/koa-compose/index.js:44:32)
    at next (/Users/lanqiuping/project/github/errorReport/backend/node_modules/koa-compose/index.js:45:18)
    at /Users/lanqiuping/project/github/errorReport/backend/node_modules/@eggjs/router/lib/router.js:186:18
    at dispatch (/Users/lanqiuping/project/github/errorReport/backend/node_modules/koa-compose/index.js:44:32)

pid: 4757
hostname: lanqiupingdeMacBook-Pro.local

2021-10-25 11:24:53,768 ERROR 6001 [-/::1/-/12ms GET /monitor/img?c={%22message%22:%22abc%20is%20not%20defined%22,%22stack%22:{%22column%22:4224,%22line%22:1,%22func%22:%22a.mounted%22,%22url%22:%22http://127.0.0.1:5500/dist/js/app.dfdac7d4.js%22}}] nodejs.TypeError: Cannot read property 'c' of undefined
    at MonitorController.img (/Users/lanqiuping/project/github/errorReport/backend/app/controller/monitor.js:68:45)
    at Object.callFn (/Users/lanqiuping/project/github/errorReport/backend/node_modules/egg-core/lib/utils/index.js:44:21)
    at Object.classControllerMiddleware (/Users/lanqiuping/project/github/errorReport/backend/node_modules/egg-core/lib/loader/mixin/controller.js:87:20)
    at Object.callFn (/Users/lanqiuping/project/github/errorReport/backend/node_modules/@eggjs/router/lib/utils.js:12:21)
    at wrappedController (/Users/lanqiuping/project/github/errorReport/backend/node_modules/@eggjs/router/lib/egg_router.js:322:18)
    at dispatch (/Users/lanqiuping/project/github/errorReport/backend/node_modules/koa-compose/index.js:44:32)
    at next (/Users/lanqiuping/project/github/errorReport/backend/node_modules/koa-compose/index.js:45:18)
    at /Users/lanqiuping/project/github/errorReport/backend/node_modules/@eggjs/router/lib/router.js:186:18
    at dispatch (/Users/lanqiuping/project/github/errorReport/backend/node_modules/koa-compose/index.js:44:32)
    at /Users/lanqiuping/project/github/errorReport/backend/node_modules/koa-compose/index.js:36:12

pid: 6001
hostname: lanqiupingdeMacBook-Pro.local

2021-10-25 11:25:05,465 ERROR 6102 [-/::1/-/12ms GET /monitor/img?c={%22message%22:%22abc%20is%20not%20defined%22,%22stack%22:{%22column%22:4224,%22line%22:1,%22func%22:%22a.mounted%22,%22url%22:%22http://127.0.0.1:5500/dist/js/app.dfdac7d4.js%22}}] nodejs.TypeError: The "path" argument must be of type string. Received an instance of Object
    at validateString (internal/validators.js:124:11)
    at Object.parse (path.js:1422:5)
    at MonitorController.img (/Users/lanqiuping/project/github/errorReport/backend/app/controller/monitor.js:68:29)
    at Object.callFn (/Users/lanqiuping/project/github/errorReport/backend/node_modules/egg-core/lib/utils/index.js:44:21)
    at Object.classControllerMiddleware (/Users/lanqiuping/project/github/errorReport/backend/node_modules/egg-core/lib/loader/mixin/controller.js:87:20)
    at Object.callFn (/Users/lanqiuping/project/github/errorReport/backend/node_modules/@eggjs/router/lib/utils.js:12:21)
    at wrappedController (/Users/lanqiuping/project/github/errorReport/backend/node_modules/@eggjs/router/lib/egg_router.js:322:18)
    at dispatch (/Users/lanqiuping/project/github/errorReport/backend/node_modules/koa-compose/index.js:44:32)
    at next (/Users/lanqiuping/project/github/errorReport/backend/node_modules/koa-compose/index.js:45:18)
    at /Users/lanqiuping/project/github/errorReport/backend/node_modules/@eggjs/router/lib/router.js:186:18
code: "ERR_INVALID_ARG_TYPE"
pid: 6102
hostname: lanqiupingdeMacBook-Pro.local

2021-10-25 11:31:04,841 ERROR 7849 nodejs.unhandledRejectionError: ENOENT: no such file or directory, open '/Users/lanqiuping/project/github/errorReport/backend/uploads/app.dfdac7d4.js.map'
Error: ENOENT: no such file or directory, open '/Users/lanqiuping/project/github/errorReport/backend/uploads/app.dfdac7d4.js.map'
errno: -2
code: "ENOENT"
syscall: "open"
path: "/Users/lanqiuping/project/github/errorReport/backend/uploads/app.dfdac7d4.js.map"
name: "unhandledRejectionError"
pid: 7849
hostname: lanqiupingdeMacBook-Pro.local

2021-10-25 11:33:54,954 ERROR 9168 nodejs.TypeError: consumer.destroy is not a function
    at searchSource (/Users/lanqiuping/project/github/errorReport/backend/app/controller/monitor.js:63:16)

pid: 9168
hostname: lanqiupingdeMacBook-Pro.local

2021-10-25 11:34:38,288 ERROR 9455 nodejs.TypeError: consumer.destroy is not a function
    at searchSource (/Users/lanqiuping/project/github/errorReport/backend/app/controller/monitor.js:63:16)

pid: 9455
hostname: lanqiupingdeMacBook-Pro.local

2021-10-25 11:35:14,382 ERROR 9623 nodejs.TypeError: consumer.destroy is not a function
    at searchSource (/Users/lanqiuping/project/github/errorReport/backend/app/controller/monitor.js:63:16)

pid: 9623
hostname: lanqiupingdeMacBook-Pro.local

2021-10-25 11:36:24,446 ERROR 9952 nodejs.TypeError: consumer.destroy is not a function
    at searchSource (/Users/lanqiuping/project/github/errorReport/backend/app/controller/monitor.js:64:16)

pid: 9952
hostname: lanqiupingdeMacBook-Pro.local

2021-10-25 11:36:42,688 ERROR 10076 nodejs.TypeError: consumer.destroy is not a function
    at searchSource (/Users/lanqiuping/project/github/errorReport/backend/app/controller/monitor.js:64:16)

pid: 10076
hostname: lanqiupingdeMacBook-Pro.local

2021-10-25 11:37:08,933 ERROR 10254 nodejs.TypeError: consumer.destroy is not a function
    at searchSource (/Users/lanqiuping/project/github/errorReport/backend/app/controller/monitor.js:64:16)

pid: 10254
hostname: lanqiupingdeMacBook-Pro.local

2021-10-25 11:37:34,125 ERROR 10356 nodejs.TypeError: consumer.destroy is not a function
    at searchSource (/Users/lanqiuping/project/github/errorReport/backend/app/controller/monitor.js:64:16)

pid: 10356
hostname: lanqiupingdeMacBook-Pro.local

2021-10-25 11:38:23,346 ERROR 10568 nodejs.TypeError: consumer.destroy is not a function
    at searchSource (/Users/lanqiuping/project/github/errorReport/backend/app/controller/monitor.js:64:16)

pid: 10568
hostname: lanqiupingdeMacBook-Pro.local

2021-10-25 11:49:50,152 ERROR 13632 nodejs.TypeError: consumer.destroy is not a function
    at searchSource (/Users/lanqiuping/project/github/errorReport/backend/app/controller/monitor.js:64:16)

pid: 13632
hostname: lanqiupingdeMacBook-Pro.local

2021-10-25 11:50:16,213 ERROR 13632 nodejs.TypeError: consumer.destroy is not a function
    at searchSource (/Users/lanqiuping/project/github/errorReport/backend/app/controller/monitor.js:64:16)

pid: 13632
hostname: lanqiupingdeMacBook-Pro.local

2021-10-25 11:50:53,003 ERROR 13632 nodejs.TypeError: consumer.destroy is not a function
    at searchSource (/Users/lanqiuping/project/github/errorReport/backend/app/controller/monitor.js:64:16)

pid: 13632
hostname: lanqiupingdeMacBook-Pro.local

2021-10-25 12:03:17,573 ERROR 13632 nodejs.TypeError: consumer.destroy is not a function
    at searchSource (/Users/lanqiuping/project/github/errorReport/backend/app/controller/monitor.js:64:16)

pid: 13632
hostname: lanqiupingdeMacBook-Pro.local

2021-10-25 12:06:36,177 ERROR 18272 nodejs.TypeError: consumer.destroy is not a function
    at searchSource (/Users/lanqiuping/project/github/errorReport/backend/app/controller/monitor.js:64:16)

pid: 18272
hostname: lanqiupingdeMacBook-Pro.local

2021-10-25 12:06:42,443 ERROR 18272 nodejs.TypeError: consumer.destroy is not a function
    at searchSource (/Users/lanqiuping/project/github/errorReport/backend/app/controller/monitor.js:64:16)

pid: 18272
hostname: lanqiupingdeMacBook-Pro.local

2021-10-25 12:06:56,348 ERROR 18272 nodejs.TypeError: consumer.destroy is not a function
    at searchSource (/Users/lanqiuping/project/github/errorReport/backend/app/controller/monitor.js:64:16)

pid: 18272
hostname: lanqiupingdeMacBook-Pro.local

2021-10-25 12:07:27,586 ERROR 18727 nodejs.TypeError: consumer.destroy is not a function
    at searchSource (/Users/lanqiuping/project/github/errorReport/backend/app/controller/monitor.js:64:16)

pid: 18727
hostname: lanqiupingdeMacBook-Pro.local

2021-10-27 16:42:27,268 ERROR 55915 [-/127.0.0.1/-/5ms POST /monitor/sourcemap] nodejs.TypeError: The "path" argument must be of type string. Received undefined
    at validateString (internal/validators.js:124:11)
    at Object.join (path.js:1148:7)
    at MonitorController.upload (/Users/lanqiuping/project/github/monitoring-system/backend/app/controller/monitor.js:32:25)
    at Object.callFn (/Users/lanqiuping/project/github/monitoring-system/backend/node_modules/egg-core/lib/utils/index.js:44:21)
    at Object.classControllerMiddleware (/Users/lanqiuping/project/github/monitoring-system/backend/node_modules/egg-core/lib/loader/mixin/controller.js:87:20)
    at Object.callFn (/Users/lanqiuping/project/github/monitoring-system/backend/node_modules/@eggjs/router/lib/utils.js:12:21)
    at wrappedController (/Users/lanqiuping/project/github/monitoring-system/backend/node_modules/@eggjs/router/lib/egg_router.js:322:18)
    at dispatch (/Users/lanqiuping/project/github/monitoring-system/backend/node_modules/koa-compose/index.js:44:32)
    at next (/Users/lanqiuping/project/github/monitoring-system/backend/node_modules/koa-compose/index.js:45:18)
    at /Users/lanqiuping/project/github/monitoring-system/backend/node_modules/@eggjs/router/lib/router.js:186:18
code: "ERR_INVALID_ARG_TYPE"
pid: 55915
hostname: lanqiupingdeMacBook-Pro.local

2021-10-27 16:42:27,319 ERROR 55915 [-/127.0.0.1/-/0ms POST /monitor/sourcemap] nodejs.TypeError: The "path" argument must be of type string. Received undefined
    at validateString (internal/validators.js:124:11)
    at Object.join (path.js:1148:7)
    at MonitorController.upload (/Users/lanqiuping/project/github/monitoring-system/backend/app/controller/monitor.js:32:25)
    at Object.callFn (/Users/lanqiuping/project/github/monitoring-system/backend/node_modules/egg-core/lib/utils/index.js:44:21)
    at Object.classControllerMiddleware (/Users/lanqiuping/project/github/monitoring-system/backend/node_modules/egg-core/lib/loader/mixin/controller.js:87:20)
    at Object.callFn (/Users/lanqiuping/project/github/monitoring-system/backend/node_modules/@eggjs/router/lib/utils.js:12:21)
    at wrappedController (/Users/lanqiuping/project/github/monitoring-system/backend/node_modules/@eggjs/router/lib/egg_router.js:322:18)
    at dispatch (/Users/lanqiuping/project/github/monitoring-system/backend/node_modules/koa-compose/index.js:44:32)
    at next (/Users/lanqiuping/project/github/monitoring-system/backend/node_modules/koa-compose/index.js:45:18)
    at /Users/lanqiuping/project/github/monitoring-system/backend/node_modules/@eggjs/router/lib/router.js:186:18
code: "ERR_INVALID_ARG_TYPE"
pid: 55915
hostname: lanqiupingdeMacBook-Pro.local

2021-10-27 16:43:27,024 ERROR 62321 [-/127.0.0.1/-/5ms POST /monitor/sourcemap] nodejs.TypeError: The "path" argument must be of type string. Received undefined
    at validateString (internal/validators.js:124:11)
    at Object.join (path.js:1148:7)
    at MonitorController.upload (/Users/lanqiuping/project/github/monitoring-system/backend/app/controller/monitor.js:32:25)
    at Object.callFn (/Users/lanqiuping/project/github/monitoring-system/backend/node_modules/egg-core/lib/utils/index.js:44:21)
    at Object.classControllerMiddleware (/Users/lanqiuping/project/github/monitoring-system/backend/node_modules/egg-core/lib/loader/mixin/controller.js:87:20)
    at Object.callFn (/Users/lanqiuping/project/github/monitoring-system/backend/node_modules/@eggjs/router/lib/utils.js:12:21)
    at wrappedController (/Users/lanqiuping/project/github/monitoring-system/backend/node_modules/@eggjs/router/lib/egg_router.js:322:18)
    at dispatch (/Users/lanqiuping/project/github/monitoring-system/backend/node_modules/koa-compose/index.js:44:32)
    at next (/Users/lanqiuping/project/github/monitoring-system/backend/node_modules/koa-compose/index.js:45:18)
    at /Users/lanqiuping/project/github/monitoring-system/backend/node_modules/@eggjs/router/lib/router.js:186:18
code: "ERR_INVALID_ARG_TYPE"
pid: 62321
hostname: lanqiupingdeMacBook-Pro.local

2021-10-27 16:43:27,059 ERROR 62321 [-/127.0.0.1/-/0ms POST /monitor/sourcemap] nodejs.TypeError: The "path" argument must be of type string. Received undefined
    at validateString (internal/validators.js:124:11)
    at Object.join (path.js:1148:7)
    at MonitorController.upload (/Users/lanqiuping/project/github/monitoring-system/backend/app/controller/monitor.js:32:25)
    at Object.callFn (/Users/lanqiuping/project/github/monitoring-system/backend/node_modules/egg-core/lib/utils/index.js:44:21)
    at Object.classControllerMiddleware (/Users/lanqiuping/project/github/monitoring-system/backend/node_modules/egg-core/lib/loader/mixin/controller.js:87:20)
    at Object.callFn (/Users/lanqiuping/project/github/monitoring-system/backend/node_modules/@eggjs/router/lib/utils.js:12:21)
    at wrappedController (/Users/lanqiuping/project/github/monitoring-system/backend/node_modules/@eggjs/router/lib/egg_router.js:322:18)
    at dispatch (/Users/lanqiuping/project/github/monitoring-system/backend/node_modules/koa-compose/index.js:44:32)
    at next (/Users/lanqiuping/project/github/monitoring-system/backend/node_modules/koa-compose/index.js:45:18)
    at /Users/lanqiuping/project/github/monitoring-system/backend/node_modules/@eggjs/router/lib/router.js:186:18
code: "ERR_INVALID_ARG_TYPE"
pid: 62321
hostname: lanqiupingdeMacBook-Pro.local

2021-10-27 16:49:49,904 ERROR 64582 [-/127.0.0.1/-/7ms POST /monitor/sourcemap?filename=app.d0c4a1eb.js.map] nodejs.TypeError: The "path" argument must be of type string. Received undefined
    at validateString (internal/validators.js:124:11)
    at Object.join (path.js:1148:7)
    at MonitorController.upload (/Users/lanqiuping/project/github/monitoring-system/backend/app/controller/monitor.js:33:25)
    at Object.callFn (/Users/lanqiuping/project/github/monitoring-system/backend/node_modules/egg-core/lib/utils/index.js:44:21)
    at Object.classControllerMiddleware (/Users/lanqiuping/project/github/monitoring-system/backend/node_modules/egg-core/lib/loader/mixin/controller.js:87:20)
    at Object.callFn (/Users/lanqiuping/project/github/monitoring-system/backend/node_modules/@eggjs/router/lib/utils.js:12:21)
    at wrappedController (/Users/lanqiuping/project/github/monitoring-system/backend/node_modules/@eggjs/router/lib/egg_router.js:322:18)
    at dispatch (/Users/lanqiuping/project/github/monitoring-system/backend/node_modules/koa-compose/index.js:44:32)
    at next (/Users/lanqiuping/project/github/monitoring-system/backend/node_modules/koa-compose/index.js:45:18)
    at /Users/lanqiuping/project/github/monitoring-system/backend/node_modules/@eggjs/router/lib/router.js:186:18
code: "ERR_INVALID_ARG_TYPE"
pid: 64582
hostname: lanqiupingdeMacBook-Pro.local

2021-10-27 16:49:49,937 ERROR 64582 [-/127.0.0.1/-/1ms POST /monitor/sourcemap?filename=chunk-vendors.5887e34e.js.map] nodejs.TypeError: The "path" argument must be of type string. Received undefined
    at validateString (internal/validators.js:124:11)
    at Object.join (path.js:1148:7)
    at MonitorController.upload (/Users/lanqiuping/project/github/monitoring-system/backend/app/controller/monitor.js:33:25)
    at Object.callFn (/Users/lanqiuping/project/github/monitoring-system/backend/node_modules/egg-core/lib/utils/index.js:44:21)
    at Object.classControllerMiddleware (/Users/lanqiuping/project/github/monitoring-system/backend/node_modules/egg-core/lib/loader/mixin/controller.js:87:20)
    at Object.callFn (/Users/lanqiuping/project/github/monitoring-system/backend/node_modules/@eggjs/router/lib/utils.js:12:21)
    at wrappedController (/Users/lanqiuping/project/github/monitoring-system/backend/node_modules/@eggjs/router/lib/egg_router.js:322:18)
    at dispatch (/Users/lanqiuping/project/github/monitoring-system/backend/node_modules/koa-compose/index.js:44:32)
    at next (/Users/lanqiuping/project/github/monitoring-system/backend/node_modules/koa-compose/index.js:45:18)
    at /Users/lanqiuping/project/github/monitoring-system/backend/node_modules/@eggjs/router/lib/router.js:186:18
code: "ERR_INVALID_ARG_TYPE"
pid: 64582
hostname: lanqiupingdeMacBook-Pro.local

2021-10-27 16:50:02,258 ERROR 64721 [-/127.0.0.1/-/8ms POST /monitor/sourcemap?filename=app.d0c4a1eb.js.map] nodejs.TypeError: The "path" argument must be of type string. Received undefined
    at validateString (internal/validators.js:124:11)
    at Object.join (path.js:1148:7)
    at MonitorController.upload (/Users/lanqiuping/project/github/monitoring-system/backend/app/controller/monitor.js:33:25)
    at Object.callFn (/Users/lanqiuping/project/github/monitoring-system/backend/node_modules/egg-core/lib/utils/index.js:44:21)
    at Object.classControllerMiddleware (/Users/lanqiuping/project/github/monitoring-system/backend/node_modules/egg-core/lib/loader/mixin/controller.js:87:20)
    at Object.callFn (/Users/lanqiuping/project/github/monitoring-system/backend/node_modules/@eggjs/router/lib/utils.js:12:21)
    at wrappedController (/Users/lanqiuping/project/github/monitoring-system/backend/node_modules/@eggjs/router/lib/egg_router.js:322:18)
    at dispatch (/Users/lanqiuping/project/github/monitoring-system/backend/node_modules/koa-compose/index.js:44:32)
    at next (/Users/lanqiuping/project/github/monitoring-system/backend/node_modules/koa-compose/index.js:45:18)
    at /Users/lanqiuping/project/github/monitoring-system/backend/node_modules/@eggjs/router/lib/router.js:186:18
code: "ERR_INVALID_ARG_TYPE"
pid: 64721
hostname: lanqiupingdeMacBook-Pro.local

2021-10-27 16:50:02,288 ERROR 64721 [-/127.0.0.1/-/1ms POST /monitor/sourcemap?filename=chunk-vendors.5887e34e.js.map] nodejs.TypeError: The "path" argument must be of type string. Received undefined
    at validateString (internal/validators.js:124:11)
    at Object.join (path.js:1148:7)
    at MonitorController.upload (/Users/lanqiuping/project/github/monitoring-system/backend/app/controller/monitor.js:33:25)
    at Object.callFn (/Users/lanqiuping/project/github/monitoring-system/backend/node_modules/egg-core/lib/utils/index.js:44:21)
    at Object.classControllerMiddleware (/Users/lanqiuping/project/github/monitoring-system/backend/node_modules/egg-core/lib/loader/mixin/controller.js:87:20)
    at Object.callFn (/Users/lanqiuping/project/github/monitoring-system/backend/node_modules/@eggjs/router/lib/utils.js:12:21)
    at wrappedController (/Users/lanqiuping/project/github/monitoring-system/backend/node_modules/@eggjs/router/lib/egg_router.js:322:18)
    at dispatch (/Users/lanqiuping/project/github/monitoring-system/backend/node_modules/koa-compose/index.js:44:32)
    at next (/Users/lanqiuping/project/github/monitoring-system/backend/node_modules/koa-compose/index.js:45:18)
    at /Users/lanqiuping/project/github/monitoring-system/backend/node_modules/@eggjs/router/lib/router.js:186:18
code: "ERR_INVALID_ARG_TYPE"
pid: 64721
hostname: lanqiupingdeMacBook-Pro.local

2021-10-27 16:51:14,802 ERROR 65166 [-/127.0.0.1/-/7ms POST /monitor/sourcemap?filename=app.d0c4a1eb.js.map] nodejs.TypeError: The "path" argument must be of type string. Received undefined
    at validateString (internal/validators.js:124:11)
    at Object.join (path.js:1148:7)
    at MonitorController.upload (/Users/lanqiuping/project/github/monitoring-system/backend/app/controller/monitor.js:33:25)
    at Object.callFn (/Users/lanqiuping/project/github/monitoring-system/backend/node_modules/egg-core/lib/utils/index.js:44:21)
    at Object.classControllerMiddleware (/Users/lanqiuping/project/github/monitoring-system/backend/node_modules/egg-core/lib/loader/mixin/controller.js:87:20)
    at Object.callFn (/Users/lanqiuping/project/github/monitoring-system/backend/node_modules/@eggjs/router/lib/utils.js:12:21)
    at wrappedController (/Users/lanqiuping/project/github/monitoring-system/backend/node_modules/@eggjs/router/lib/egg_router.js:322:18)
    at dispatch (/Users/lanqiuping/project/github/monitoring-system/backend/node_modules/koa-compose/index.js:44:32)
    at next (/Users/lanqiuping/project/github/monitoring-system/backend/node_modules/koa-compose/index.js:45:18)
    at /Users/lanqiuping/project/github/monitoring-system/backend/node_modules/@eggjs/router/lib/router.js:186:18
code: "ERR_INVALID_ARG_TYPE"
pid: 65166
hostname: lanqiupingdeMacBook-Pro.local

2021-10-27 16:51:14,837 ERROR 65166 [-/127.0.0.1/-/1ms POST /monitor/sourcemap?filename=chunk-vendors.5887e34e.js.map] nodejs.TypeError: The "path" argument must be of type string. Received undefined
    at validateString (internal/validators.js:124:11)
    at Object.join (path.js:1148:7)
    at MonitorController.upload (/Users/lanqiuping/project/github/monitoring-system/backend/app/controller/monitor.js:33:25)
    at Object.callFn (/Users/lanqiuping/project/github/monitoring-system/backend/node_modules/egg-core/lib/utils/index.js:44:21)
    at Object.classControllerMiddleware (/Users/lanqiuping/project/github/monitoring-system/backend/node_modules/egg-core/lib/loader/mixin/controller.js:87:20)
    at Object.callFn (/Users/lanqiuping/project/github/monitoring-system/backend/node_modules/@eggjs/router/lib/utils.js:12:21)
    at wrappedController (/Users/lanqiuping/project/github/monitoring-system/backend/node_modules/@eggjs/router/lib/egg_router.js:322:18)
    at dispatch (/Users/lanqiuping/project/github/monitoring-system/backend/node_modules/koa-compose/index.js:44:32)
    at next (/Users/lanqiuping/project/github/monitoring-system/backend/node_modules/koa-compose/index.js:45:18)
    at /Users/lanqiuping/project/github/monitoring-system/backend/node_modules/@eggjs/router/lib/router.js:186:18
code: "ERR_INVALID_ARG_TYPE"
pid: 65166
hostname: lanqiupingdeMacBook-Pro.local

2021-10-27 16:55:12,617 ERROR 66689 [-/127.0.0.1/-/6ms POST /monitor/sourcemap?filename=app.d0c4a1eb.js.map] nodejs.EPERMError: EPERM: operation not permitted, unlink '/Users/lanqiuping/project/github/monitoring-system/backend/uploads'
    at Object.unlinkSync (fs.js:1251:3)
    at MonitorController.upload (/Users/lanqiuping/project/github/monitoring-system/backend/app/controller/monitor.js:30:10)
    at Object.callFn (/Users/lanqiuping/project/github/monitoring-system/backend/node_modules/egg-core/lib/utils/index.js:44:21)
    at Object.classControllerMiddleware (/Users/lanqiuping/project/github/monitoring-system/backend/node_modules/egg-core/lib/loader/mixin/controller.js:87:20)
    at Object.callFn (/Users/lanqiuping/project/github/monitoring-system/backend/node_modules/@eggjs/router/lib/utils.js:12:21)
    at wrappedController (/Users/lanqiuping/project/github/monitoring-system/backend/node_modules/@eggjs/router/lib/egg_router.js:322:18)
    at dispatch (/Users/lanqiuping/project/github/monitoring-system/backend/node_modules/koa-compose/index.js:44:32)
    at next (/Users/lanqiuping/project/github/monitoring-system/backend/node_modules/koa-compose/index.js:45:18)
    at /Users/lanqiuping/project/github/monitoring-system/backend/node_modules/@eggjs/router/lib/router.js:186:18
    at dispatch (/Users/lanqiuping/project/github/monitoring-system/backend/node_modules/koa-compose/index.js:44:32)
errno: -1
syscall: "unlink"
code: "EPERM"
path: "/Users/lanqiuping/project/github/monitoring-system/backend/uploads"
name: "EPERMError"
pid: 66689
hostname: lanqiupingdeMacBook-Pro.local

2021-10-27 16:55:12,652 ERROR 66689 [-/127.0.0.1/-/1ms POST /monitor/sourcemap?filename=chunk-vendors.5887e34e.js.map] nodejs.EPERMError: EPERM: operation not permitted, unlink '/Users/lanqiuping/project/github/monitoring-system/backend/uploads'
    at Object.unlinkSync (fs.js:1251:3)
    at MonitorController.upload (/Users/lanqiuping/project/github/monitoring-system/backend/app/controller/monitor.js:30:10)
    at Object.callFn (/Users/lanqiuping/project/github/monitoring-system/backend/node_modules/egg-core/lib/utils/index.js:44:21)
    at Object.classControllerMiddleware (/Users/lanqiuping/project/github/monitoring-system/backend/node_modules/egg-core/lib/loader/mixin/controller.js:87:20)
    at Object.callFn (/Users/lanqiuping/project/github/monitoring-system/backend/node_modules/@eggjs/router/lib/utils.js:12:21)
    at wrappedController (/Users/lanqiuping/project/github/monitoring-system/backend/node_modules/@eggjs/router/lib/egg_router.js:322:18)
    at dispatch (/Users/lanqiuping/project/github/monitoring-system/backend/node_modules/koa-compose/index.js:44:32)
    at next (/Users/lanqiuping/project/github/monitoring-system/backend/node_modules/koa-compose/index.js:45:18)
    at /Users/lanqiuping/project/github/monitoring-system/backend/node_modules/@eggjs/router/lib/router.js:186:18
    at dispatch (/Users/lanqiuping/project/github/monitoring-system/backend/node_modules/koa-compose/index.js:44:32)
errno: -1
syscall: "unlink"
code: "EPERM"
path: "/Users/lanqiuping/project/github/monitoring-system/backend/uploads"
name: "EPERMError"
pid: 66689
hostname: lanqiupingdeMacBook-Pro.local

2021-10-27 16:56:34,889 ERROR 67524 [-/127.0.0.1/-/8ms POST /monitor/sourcemap?filename=app.d0c4a1eb.js.map] nodejs.EPERMError: EPERM: operation not permitted, unlink '/Users/lanqiuping/project/github/monitoring-system/backend/uploads'
    at Object.unlinkSync (fs.js:1251:3)
    at MonitorController.upload (/Users/lanqiuping/project/github/monitoring-system/backend/app/controller/monitor.js:30:10)
    at Object.callFn (/Users/lanqiuping/project/github/monitoring-system/backend/node_modules/egg-core/lib/utils/index.js:44:21)
    at Object.classControllerMiddleware (/Users/lanqiuping/project/github/monitoring-system/backend/node_modules/egg-core/lib/loader/mixin/controller.js:87:20)
    at Object.callFn (/Users/lanqiuping/project/github/monitoring-system/backend/node_modules/@eggjs/router/lib/utils.js:12:21)
    at wrappedController (/Users/lanqiuping/project/github/monitoring-system/backend/node_modules/@eggjs/router/lib/egg_router.js:322:18)
    at dispatch (/Users/lanqiuping/project/github/monitoring-system/backend/node_modules/koa-compose/index.js:44:32)
    at next (/Users/lanqiuping/project/github/monitoring-system/backend/node_modules/koa-compose/index.js:45:18)
    at /Users/lanqiuping/project/github/monitoring-system/backend/node_modules/@eggjs/router/lib/router.js:186:18
    at dispatch (/Users/lanqiuping/project/github/monitoring-system/backend/node_modules/koa-compose/index.js:44:32)
errno: -1
syscall: "unlink"
code: "EPERM"
path: "/Users/lanqiuping/project/github/monitoring-system/backend/uploads"
name: "EPERMError"
pid: 67524
hostname: lanqiupingdeMacBook-Pro.local

2021-10-27 16:56:34,922 ERROR 67524 [-/127.0.0.1/-/1ms POST /monitor/sourcemap?filename=chunk-vendors.5887e34e.js.map] nodejs.EPERMError: EPERM: operation not permitted, unlink '/Users/lanqiuping/project/github/monitoring-system/backend/uploads'
    at Object.unlinkSync (fs.js:1251:3)
    at MonitorController.upload (/Users/lanqiuping/project/github/monitoring-system/backend/app/controller/monitor.js:30:10)
    at Object.callFn (/Users/lanqiuping/project/github/monitoring-system/backend/node_modules/egg-core/lib/utils/index.js:44:21)
    at Object.classControllerMiddleware (/Users/lanqiuping/project/github/monitoring-system/backend/node_modules/egg-core/lib/loader/mixin/controller.js:87:20)
    at Object.callFn (/Users/lanqiuping/project/github/monitoring-system/backend/node_modules/@eggjs/router/lib/utils.js:12:21)
    at wrappedController (/Users/lanqiuping/project/github/monitoring-system/backend/node_modules/@eggjs/router/lib/egg_router.js:322:18)
    at dispatch (/Users/lanqiuping/project/github/monitoring-system/backend/node_modules/koa-compose/index.js:44:32)
    at next (/Users/lanqiuping/project/github/monitoring-system/backend/node_modules/koa-compose/index.js:45:18)
    at /Users/lanqiuping/project/github/monitoring-system/backend/node_modules/@eggjs/router/lib/router.js:186:18
    at dispatch (/Users/lanqiuping/project/github/monitoring-system/backend/node_modules/koa-compose/index.js:44:32)
errno: -1
syscall: "unlink"
code: "EPERM"
path: "/Users/lanqiuping/project/github/monitoring-system/backend/uploads"
name: "EPERMError"
pid: 67524
hostname: lanqiupingdeMacBook-Pro.local

2021-10-27 17:51:26,439 ERROR 62320 nodejs.ClusterClientNoResponseError: client no response in 877301ms exceeding maxIdleTime 60000ms, maybe the connection is close on other side.
    at Timeout._onTimeout (/Users/lanqiuping/project/github/monitoring-system/backend/node_modules/cluster-client/lib/leader.js:77:23)
    at listOnTimeout (internal/timers.js:557:17)
    at processTimers (internal/timers.js:500:7)
name: "ClusterClientNoResponseError"
pid: 62320
hostname: lanqiupingdeMacBook-Pro.local

