2021-10-21 17:33:02,054 INFO 70009 [Timer] /Users/lanqiuping/project/github/errorReport/backend/node_modules/egg-multipart/app/schedule/clean_tmpdir.js next time will execute after 39417948ms at 2021-10-22 04:30:00.002
2021-10-21 17:33:02,055 INFO 70009 [Timer] /Users/lanqiuping/project/github/errorReport/backend/node_modules/egg-logrotator/app/schedule/clean_log.js next time will execute after 23217946ms at 2021-10-22 00:00:00.001
2021-10-21 17:33:02,055 INFO 70009 [Timer] /Users/lanqiuping/project/github/errorReport/backend/node_modules/egg-logrotator/app/schedule/rotate_by_file.js next time will execute after 23218945ms at 2021-10-22 00:00:01.000
2021-10-21 17:33:01,967 INFO 70010 [egg-schedule]: register schedule /Users/lanqiuping/project/github/errorReport/backend/node_modules/egg-multipart/app/schedule/clean_tmpdir.js
2021-10-21 17:33:01,967 INFO 70010 [egg-schedule]: register schedule /Users/lanqiuping/project/github/errorReport/backend/node_modules/egg-logrotator/app/schedule/clean_log.js
2021-10-21 17:33:01,967 INFO 70010 [egg-schedule]: register schedule /Users/lanqiuping/project/github/errorReport/backend/node_modules/egg-logrotator/app/schedule/rotate_by_file.js
2021-10-21 17:36:49,271 INFO 71958 [egg-schedule]: register schedule /Users/lanqiuping/project/github/errorReport/backend/node_modules/egg-multipart/app/schedule/clean_tmpdir.js
2021-10-21 17:36:49,271 INFO 71958 [egg-schedule]: register schedule /Users/lanqiuping/project/github/errorReport/backend/node_modules/egg-logrotator/app/schedule/clean_log.js
2021-10-21 17:36:49,271 INFO 71958 [egg-schedule]: register schedule /Users/lanqiuping/project/github/errorReport/backend/node_modules/egg-logrotator/app/schedule/rotate_by_file.js
2021-10-21 17:38:40,500 INFO 72700 [egg-schedule]: register schedule /Users/lanqiuping/project/github/errorReport/backend/node_modules/egg-multipart/app/schedule/clean_tmpdir.js
2021-10-21 17:38:40,500 INFO 72700 [egg-schedule]: register schedule /Users/lanqiuping/project/github/errorReport/backend/node_modules/egg-logrotator/app/schedule/clean_log.js
2021-10-21 17:38:40,500 INFO 72700 [egg-schedule]: register schedule /Users/lanqiuping/project/github/errorReport/backend/node_modules/egg-logrotator/app/schedule/rotate_by_file.js
2021-10-21 17:39:18,366 INFO 72917 [egg-schedule]: register schedule /Users/lanqiuping/project/github/errorReport/backend/node_modules/egg-multipart/app/schedule/clean_tmpdir.js
2021-10-21 17:39:18,366 INFO 72917 [egg-schedule]: register schedule /Users/lanqiuping/project/github/errorReport/backend/node_modules/egg-logrotator/app/schedule/clean_log.js
2021-10-21 17:39:18,366 INFO 72917 [egg-schedule]: register schedule /Users/lanqiuping/project/github/errorReport/backend/node_modules/egg-logrotator/app/schedule/rotate_by_file.js
2021-10-22 11:16:22,000 INFO 18815 [Timer] /Users/lanqiuping/project/github/errorReport/backend/node_modules/egg-multipart/app/schedule/clean_tmpdir.js next time will execute after 62018003ms at 2021-10-23 04:30:00.003
2021-10-22 11:16:22,000 INFO 18815 [Timer] /Users/lanqiuping/project/github/errorReport/backend/node_modules/egg-logrotator/app/schedule/clean_log.js next time will execute after 45818000ms at 2021-10-23 00:00:00.000
2021-10-22 11:16:22,000 INFO 18815 [Timer] /Users/lanqiuping/project/github/errorReport/backend/node_modules/egg-logrotator/app/schedule/rotate_by_file.js next time will execute after 45819000ms at 2021-10-23 00:00:01.000
2021-10-22 11:16:21,861 INFO 18816 [egg-schedule]: register schedule /Users/lanqiuping/project/github/errorReport/backend/node_modules/egg-multipart/app/schedule/clean_tmpdir.js
2021-10-22 11:16:21,861 INFO 18816 [egg-schedule]: register schedule /Users/lanqiuping/project/github/errorReport/backend/node_modules/egg-logrotator/app/schedule/clean_log.js
2021-10-22 11:16:21,861 INFO 18816 [egg-schedule]: register schedule /Users/lanqiuping/project/github/errorReport/backend/node_modules/egg-logrotator/app/schedule/rotate_by_file.js
2021-10-22 11:25:16,641 INFO 21269 [egg-schedule]: register schedule /Users/lanqiuping/project/github/errorReport/backend/node_modules/egg-multipart/app/schedule/clean_tmpdir.js
2021-10-22 11:25:16,641 INFO 21269 [egg-schedule]: register schedule /Users/lanqiuping/project/github/errorReport/backend/node_modules/egg-logrotator/app/schedule/clean_log.js
2021-10-22 11:25:16,641 INFO 21269 [egg-schedule]: register schedule /Users/lanqiuping/project/github/errorReport/backend/node_modules/egg-logrotator/app/schedule/rotate_by_file.js
2021-10-22 11:26:06,136 INFO 21531 [egg-schedule]: register schedule /Users/lanqiuping/project/github/errorReport/backend/node_modules/egg-multipart/app/schedule/clean_tmpdir.js
2021-10-22 11:26:06,136 INFO 21531 [egg-schedule]: register schedule /Users/lanqiuping/project/github/errorReport/backend/node_modules/egg-logrotator/app/schedule/clean_log.js
2021-10-22 11:26:06,136 INFO 21531 [egg-schedule]: register schedule /Users/lanqiuping/project/github/errorReport/backend/node_modules/egg-logrotator/app/schedule/rotate_by_file.js
2021-10-22 11:37:33,984 INFO 24559 [Timer] /Users/lanqiuping/project/github/errorReport/backend/node_modules/egg-multipart/app/schedule/clean_tmpdir.js next time will execute after 60746018ms at 2021-10-23 04:30:00.002
2021-10-22 11:37:33,985 INFO 24559 [Timer] /Users/lanqiuping/project/github/errorReport/backend/node_modules/egg-logrotator/app/schedule/clean_log.js next time will execute after 44546016ms at 2021-10-23 00:00:00.001
2021-10-22 11:37:33,985 INFO 24559 [Timer] /Users/lanqiuping/project/github/errorReport/backend/node_modules/egg-logrotator/app/schedule/rotate_by_file.js next time will execute after 44547015ms at 2021-10-23 00:00:01.000
2021-10-22 11:37:33,841 INFO 24563 [egg-schedule]: register schedule /Users/lanqiuping/project/github/errorReport/backend/node_modules/egg-multipart/app/schedule/clean_tmpdir.js
2021-10-22 11:37:33,841 INFO 24563 [egg-schedule]: register schedule /Users/lanqiuping/project/github/errorReport/backend/node_modules/egg-logrotator/app/schedule/clean_log.js
2021-10-22 11:37:33,841 INFO 24563 [egg-schedule]: register schedule /Users/lanqiuping/project/github/errorReport/backend/node_modules/egg-logrotator/app/schedule/rotate_by_file.js
2021-10-22 11:49:40,566 INFO 27528 [egg-schedule]: register schedule /Users/lanqiuping/project/github/errorReport/backend/node_modules/egg-multipart/app/schedule/clean_tmpdir.js
2021-10-22 11:49:40,566 INFO 27528 [egg-schedule]: register schedule /Users/lanqiuping/project/github/errorReport/backend/node_modules/egg-logrotator/app/schedule/clean_log.js
2021-10-22 11:49:40,566 INFO 27528 [egg-schedule]: register schedule /Users/lanqiuping/project/github/errorReport/backend/node_modules/egg-logrotator/app/schedule/rotate_by_file.js
2021-10-22 11:50:25,717 INFO 27736 [Timer] /Users/lanqiuping/project/github/errorReport/backend/node_modules/egg-multipart/app/schedule/clean_tmpdir.js next time will execute after 59974285ms at 2021-10-23 04:30:00.002
2021-10-22 11:50:25,717 INFO 27736 [Timer] /Users/lanqiuping/project/github/errorReport/backend/node_modules/egg-logrotator/app/schedule/clean_log.js next time will execute after 43774283ms at 2021-10-23 00:00:00.000
2021-10-22 11:50:25,718 INFO 27736 [Timer] /Users/lanqiuping/project/github/errorReport/backend/node_modules/egg-logrotator/app/schedule/rotate_by_file.js next time will execute after 43775283ms at 2021-10-23 00:00:01.001
2021-10-22 11:50:25,634 INFO 27737 [egg-schedule]: register schedule /Users/lanqiuping/project/github/errorReport/backend/node_modules/egg-multipart/app/schedule/clean_tmpdir.js
2021-10-22 11:50:25,634 INFO 27737 [egg-schedule]: register schedule /Users/lanqiuping/project/github/errorReport/backend/node_modules/egg-logrotator/app/schedule/clean_log.js
2021-10-22 11:50:25,634 INFO 27737 [egg-schedule]: register schedule /Users/lanqiuping/project/github/errorReport/backend/node_modules/egg-logrotator/app/schedule/rotate_by_file.js
2021-10-25 09:49:53,058 INFO 78024 [Timer] /Users/lanqiuping/project/github/errorReport/backend/node_modules/egg-multipart/app/schedule/clean_tmpdir.js next time will execute after 67206945ms at 2021-10-26 04:30:00.003
2021-10-25 09:49:53,058 INFO 78024 [Timer] /Users/lanqiuping/project/github/errorReport/backend/node_modules/egg-logrotator/app/schedule/clean_log.js next time will execute after 51006942ms at 2021-10-26 00:00:00.000
2021-10-25 09:49:53,058 INFO 78024 [Timer] /Users/lanqiuping/project/github/errorReport/backend/node_modules/egg-logrotator/app/schedule/rotate_by_file.js next time will execute after 51007942ms at 2021-10-26 00:00:01.000
2021-10-25 09:49:52,922 INFO 78027 [egg-schedule]: register schedule /Users/lanqiuping/project/github/errorReport/backend/node_modules/egg-multipart/app/schedule/clean_tmpdir.js
2021-10-25 09:49:52,922 INFO 78027 [egg-schedule]: register schedule /Users/lanqiuping/project/github/errorReport/backend/node_modules/egg-logrotator/app/schedule/clean_log.js
2021-10-25 09:49:52,922 INFO 78027 [egg-schedule]: register schedule /Users/lanqiuping/project/github/errorReport/backend/node_modules/egg-logrotator/app/schedule/rotate_by_file.js
2021-10-25 09:52:23,476 INFO 78743 [egg-schedule]: register schedule /Users/lanqiuping/project/github/errorReport/backend/node_modules/egg-multipart/app/schedule/clean_tmpdir.js
2021-10-25 09:52:23,476 INFO 78743 [egg-schedule]: register schedule /Users/lanqiuping/project/github/errorReport/backend/node_modules/egg-logrotator/app/schedule/clean_log.js
2021-10-25 09:52:23,476 INFO 78743 [egg-schedule]: register schedule /Users/lanqiuping/project/github/errorReport/backend/node_modules/egg-logrotator/app/schedule/rotate_by_file.js
2021-10-25 10:00:26,609 INFO 80768 [egg-schedule]: register schedule /Users/lanqiuping/project/github/errorReport/backend/node_modules/egg-multipart/app/schedule/clean_tmpdir.js
2021-10-25 10:00:26,609 INFO 80768 [egg-schedule]: register schedule /Users/lanqiuping/project/github/errorReport/backend/node_modules/egg-logrotator/app/schedule/clean_log.js
2021-10-25 10:00:26,609 INFO 80768 [egg-schedule]: register schedule /Users/lanqiuping/project/github/errorReport/backend/node_modules/egg-logrotator/app/schedule/rotate_by_file.js
2021-10-25 10:30:13,559 INFO 89019 [egg-schedule]: register schedule /Users/lanqiuping/project/github/errorReport/backend/node_modules/egg-multipart/app/schedule/clean_tmpdir.js
2021-10-25 10:30:13,559 INFO 89019 [egg-schedule]: register schedule /Users/lanqiuping/project/github/errorReport/backend/node_modules/egg-logrotator/app/schedule/clean_log.js
2021-10-25 10:30:13,559 INFO 89019 [egg-schedule]: register schedule /Users/lanqiuping/project/github/errorReport/backend/node_modules/egg-logrotator/app/schedule/rotate_by_file.js
2021-10-25 10:32:06,550 INFO 89603 [egg-schedule]: register schedule /Users/lanqiuping/project/github/errorReport/backend/node_modules/egg-multipart/app/schedule/clean_tmpdir.js
2021-10-25 10:32:06,550 INFO 89603 [egg-schedule]: register schedule /Users/lanqiuping/project/github/errorReport/backend/node_modules/egg-logrotator/app/schedule/clean_log.js
2021-10-25 10:32:06,550 INFO 89603 [egg-schedule]: register schedule /Users/lanqiuping/project/github/errorReport/backend/node_modules/egg-logrotator/app/schedule/rotate_by_file.js
2021-10-25 10:36:26,542 INFO 90708 [egg-schedule]: register schedule /Users/lanqiuping/project/github/errorReport/backend/node_modules/egg-multipart/app/schedule/clean_tmpdir.js
2021-10-25 10:36:26,542 INFO 90708 [egg-schedule]: register schedule /Users/lanqiuping/project/github/errorReport/backend/node_modules/egg-logrotator/app/schedule/clean_log.js
2021-10-25 10:36:26,542 INFO 90708 [egg-schedule]: register schedule /Users/lanqiuping/project/github/errorReport/backend/node_modules/egg-logrotator/app/schedule/rotate_by_file.js
2021-10-25 10:41:04,271 INFO 92491 [egg-schedule]: register schedule /Users/lanqiuping/project/github/errorReport/backend/node_modules/egg-multipart/app/schedule/clean_tmpdir.js
2021-10-25 10:41:04,271 INFO 92491 [egg-schedule]: register schedule /Users/lanqiuping/project/github/errorReport/backend/node_modules/egg-logrotator/app/schedule/clean_log.js
2021-10-25 10:41:04,271 INFO 92491 [egg-schedule]: register schedule /Users/lanqiuping/project/github/errorReport/backend/node_modules/egg-logrotator/app/schedule/rotate_by_file.js
2021-10-25 10:41:44,283 INFO 92682 [egg-schedule]: register schedule /Users/lanqiuping/project/github/errorReport/backend/node_modules/egg-multipart/app/schedule/clean_tmpdir.js
2021-10-25 10:41:44,283 INFO 92682 [egg-schedule]: register schedule /Users/lanqiuping/project/github/errorReport/backend/node_modules/egg-logrotator/app/schedule/clean_log.js
2021-10-25 10:41:44,283 INFO 92682 [egg-schedule]: register schedule /Users/lanqiuping/project/github/errorReport/backend/node_modules/egg-logrotator/app/schedule/rotate_by_file.js
2021-10-25 10:43:01,508 INFO 93080 [egg-schedule]: register schedule /Users/lanqiuping/project/github/errorReport/backend/node_modules/egg-multipart/app/schedule/clean_tmpdir.js
2021-10-25 10:43:01,508 INFO 93080 [egg-schedule]: register schedule /Users/lanqiuping/project/github/errorReport/backend/node_modules/egg-logrotator/app/schedule/clean_log.js
2021-10-25 10:43:01,508 INFO 93080 [egg-schedule]: register schedule /Users/lanqiuping/project/github/errorReport/backend/node_modules/egg-logrotator/app/schedule/rotate_by_file.js
2021-10-25 10:49:31,538 INFO 94874 [egg-schedule]: register schedule /Users/lanqiuping/project/github/errorReport/backend/node_modules/egg-multipart/app/schedule/clean_tmpdir.js
2021-10-25 10:49:31,538 INFO 94874 [egg-schedule]: register schedule /Users/lanqiuping/project/github/errorReport/backend/node_modules/egg-logrotator/app/schedule/clean_log.js
2021-10-25 10:49:31,538 INFO 94874 [egg-schedule]: register schedule /Users/lanqiuping/project/github/errorReport/backend/node_modules/egg-logrotator/app/schedule/rotate_by_file.js
2021-10-25 10:49:55,888 INFO 94997 [egg-schedule]: register schedule /Users/lanqiuping/project/github/errorReport/backend/node_modules/egg-multipart/app/schedule/clean_tmpdir.js
2021-10-25 10:49:55,888 INFO 94997 [egg-schedule]: register schedule /Users/lanqiuping/project/github/errorReport/backend/node_modules/egg-logrotator/app/schedule/clean_log.js
2021-10-25 10:49:55,888 INFO 94997 [egg-schedule]: register schedule /Users/lanqiuping/project/github/errorReport/backend/node_modules/egg-logrotator/app/schedule/rotate_by_file.js
2021-10-25 10:52:36,829 INFO 95968 [egg-schedule]: register schedule /Users/lanqiuping/project/github/errorReport/backend/node_modules/egg-multipart/app/schedule/clean_tmpdir.js
2021-10-25 10:52:36,829 INFO 95968 [egg-schedule]: register schedule /Users/lanqiuping/project/github/errorReport/backend/node_modules/egg-logrotator/app/schedule/clean_log.js
2021-10-25 10:52:36,829 INFO 95968 [egg-schedule]: register schedule /Users/lanqiuping/project/github/errorReport/backend/node_modules/egg-logrotator/app/schedule/rotate_by_file.js
2021-10-25 10:55:41,539 INFO 96793 [egg-schedule]: register schedule /Users/lanqiuping/project/github/errorReport/backend/node_modules/egg-multipart/app/schedule/clean_tmpdir.js
2021-10-25 10:55:41,539 INFO 96793 [egg-schedule]: register schedule /Users/lanqiuping/project/github/errorReport/backend/node_modules/egg-logrotator/app/schedule/clean_log.js
2021-10-25 10:55:41,539 INFO 96793 [egg-schedule]: register schedule /Users/lanqiuping/project/github/errorReport/backend/node_modules/egg-logrotator/app/schedule/rotate_by_file.js
2021-10-25 10:56:09,912 INFO 96945 [egg-schedule]: register schedule /Users/lanqiuping/project/github/errorReport/backend/node_modules/egg-multipart/app/schedule/clean_tmpdir.js
2021-10-25 10:56:09,912 INFO 96945 [egg-schedule]: register schedule /Users/lanqiuping/project/github/errorReport/backend/node_modules/egg-logrotator/app/schedule/clean_log.js
2021-10-25 10:56:09,912 INFO 96945 [egg-schedule]: register schedule /Users/lanqiuping/project/github/errorReport/backend/node_modules/egg-logrotator/app/schedule/rotate_by_file.js
2021-10-25 10:56:49,106 INFO 97135 [egg-schedule]: register schedule /Users/lanqiuping/project/github/errorReport/backend/node_modules/egg-multipart/app/schedule/clean_tmpdir.js
2021-10-25 10:56:49,106 INFO 97135 [egg-schedule]: register schedule /Users/lanqiuping/project/github/errorReport/backend/node_modules/egg-logrotator/app/schedule/clean_log.js
2021-10-25 10:56:49,106 INFO 97135 [egg-schedule]: register schedule /Users/lanqiuping/project/github/errorReport/backend/node_modules/egg-logrotator/app/schedule/rotate_by_file.js
2021-10-25 10:57:12,211 INFO 97274 [egg-schedule]: register schedule /Users/lanqiuping/project/github/errorReport/backend/node_modules/egg-multipart/app/schedule/clean_tmpdir.js
2021-10-25 10:57:12,211 INFO 97274 [egg-schedule]: register schedule /Users/lanqiuping/project/github/errorReport/backend/node_modules/egg-logrotator/app/schedule/clean_log.js
2021-10-25 10:57:12,211 INFO 97274 [egg-schedule]: register schedule /Users/lanqiuping/project/github/errorReport/backend/node_modules/egg-logrotator/app/schedule/rotate_by_file.js
2021-10-25 10:59:29,011 INFO 97947 [egg-schedule]: register schedule /Users/lanqiuping/project/github/errorReport/backend/node_modules/egg-multipart/app/schedule/clean_tmpdir.js
2021-10-25 10:59:29,011 INFO 97947 [egg-schedule]: register schedule /Users/lanqiuping/project/github/errorReport/backend/node_modules/egg-logrotator/app/schedule/clean_log.js
2021-10-25 10:59:29,011 INFO 97947 [egg-schedule]: register schedule /Users/lanqiuping/project/github/errorReport/backend/node_modules/egg-logrotator/app/schedule/rotate_by_file.js
2021-10-25 11:00:37,546 INFO 98259 [egg-schedule]: register schedule /Users/lanqiuping/project/github/errorReport/backend/node_modules/egg-multipart/app/schedule/clean_tmpdir.js
2021-10-25 11:00:37,546 INFO 98259 [egg-schedule]: register schedule /Users/lanqiuping/project/github/errorReport/backend/node_modules/egg-logrotator/app/schedule/clean_log.js
2021-10-25 11:00:37,546 INFO 98259 [egg-schedule]: register schedule /Users/lanqiuping/project/github/errorReport/backend/node_modules/egg-logrotator/app/schedule/rotate_by_file.js
2021-10-25 11:01:21,714 INFO 98462 [egg-schedule]: register schedule /Users/lanqiuping/project/github/errorReport/backend/node_modules/egg-multipart/app/schedule/clean_tmpdir.js
2021-10-25 11:01:21,714 INFO 98462 [egg-schedule]: register schedule /Users/lanqiuping/project/github/errorReport/backend/node_modules/egg-logrotator/app/schedule/clean_log.js
2021-10-25 11:01:21,714 INFO 98462 [egg-schedule]: register schedule /Users/lanqiuping/project/github/errorReport/backend/node_modules/egg-logrotator/app/schedule/rotate_by_file.js
2021-10-25 11:10:18,548 INFO 1416 [egg-schedule]: register schedule /Users/lanqiuping/project/github/errorReport/backend/node_modules/egg-multipart/app/schedule/clean_tmpdir.js
2021-10-25 11:10:18,548 INFO 1416 [egg-schedule]: register schedule /Users/lanqiuping/project/github/errorReport/backend/node_modules/egg-logrotator/app/schedule/clean_log.js
2021-10-25 11:10:18,548 INFO 1416 [egg-schedule]: register schedule /Users/lanqiuping/project/github/errorReport/backend/node_modules/egg-logrotator/app/schedule/rotate_by_file.js
2021-10-25 11:12:31,111 INFO 2226 [egg-schedule]: register schedule /Users/lanqiuping/project/github/errorReport/backend/node_modules/egg-multipart/app/schedule/clean_tmpdir.js
2021-10-25 11:12:31,111 INFO 2226 [egg-schedule]: register schedule /Users/lanqiuping/project/github/errorReport/backend/node_modules/egg-logrotator/app/schedule/clean_log.js
2021-10-25 11:12:31,111 INFO 2226 [egg-schedule]: register schedule /Users/lanqiuping/project/github/errorReport/backend/node_modules/egg-logrotator/app/schedule/rotate_by_file.js
2021-10-25 11:13:10,222 INFO 2449 [egg-schedule]: register schedule /Users/lanqiuping/project/github/errorReport/backend/node_modules/egg-multipart/app/schedule/clean_tmpdir.js
2021-10-25 11:13:10,222 INFO 2449 [egg-schedule]: register schedule /Users/lanqiuping/project/github/errorReport/backend/node_modules/egg-logrotator/app/schedule/clean_log.js
2021-10-25 11:13:10,222 INFO 2449 [egg-schedule]: register schedule /Users/lanqiuping/project/github/errorReport/backend/node_modules/egg-logrotator/app/schedule/rotate_by_file.js
2021-10-25 11:14:10,088 INFO 2770 [egg-schedule]: register schedule /Users/lanqiuping/project/github/errorReport/backend/node_modules/egg-multipart/app/schedule/clean_tmpdir.js
2021-10-25 11:14:10,088 INFO 2770 [egg-schedule]: register schedule /Users/lanqiuping/project/github/errorReport/backend/node_modules/egg-logrotator/app/schedule/clean_log.js
2021-10-25 11:14:10,088 INFO 2770 [egg-schedule]: register schedule /Users/lanqiuping/project/github/errorReport/backend/node_modules/egg-logrotator/app/schedule/rotate_by_file.js
2021-10-25 11:15:12,833 INFO 3137 [egg-schedule]: register schedule /Users/lanqiuping/project/github/errorReport/backend/node_modules/egg-multipart/app/schedule/clean_tmpdir.js
2021-10-25 11:15:12,833 INFO 3137 [egg-schedule]: register schedule /Users/lanqiuping/project/github/errorReport/backend/node_modules/egg-logrotator/app/schedule/clean_log.js
2021-10-25 11:15:12,833 INFO 3137 [egg-schedule]: register schedule /Users/lanqiuping/project/github/errorReport/backend/node_modules/egg-logrotator/app/schedule/rotate_by_file.js
2021-10-25 11:15:13,835 INFO 3184 [egg-schedule]: register schedule /Users/lanqiuping/project/github/errorReport/backend/node_modules/egg-multipart/app/schedule/clean_tmpdir.js
2021-10-25 11:15:13,835 INFO 3184 [egg-schedule]: register schedule /Users/lanqiuping/project/github/errorReport/backend/node_modules/egg-logrotator/app/schedule/clean_log.js
2021-10-25 11:15:13,835 INFO 3184 [egg-schedule]: register schedule /Users/lanqiuping/project/github/errorReport/backend/node_modules/egg-logrotator/app/schedule/rotate_by_file.js
2021-10-25 11:15:39,199 INFO 3347 [egg-schedule]: register schedule /Users/lanqiuping/project/github/errorReport/backend/node_modules/egg-multipart/app/schedule/clean_tmpdir.js
2021-10-25 11:15:39,199 INFO 3347 [egg-schedule]: register schedule /Users/lanqiuping/project/github/errorReport/backend/node_modules/egg-logrotator/app/schedule/clean_log.js
2021-10-25 11:15:39,199 INFO 3347 [egg-schedule]: register schedule /Users/lanqiuping/project/github/errorReport/backend/node_modules/egg-logrotator/app/schedule/rotate_by_file.js
2021-10-25 11:16:09,547 INFO 3500 [egg-schedule]: register schedule /Users/lanqiuping/project/github/errorReport/backend/node_modules/egg-multipart/app/schedule/clean_tmpdir.js
2021-10-25 11:16:09,547 INFO 3500 [egg-schedule]: register schedule /Users/lanqiuping/project/github/errorReport/backend/node_modules/egg-logrotator/app/schedule/clean_log.js
2021-10-25 11:16:09,547 INFO 3500 [egg-schedule]: register schedule /Users/lanqiuping/project/github/errorReport/backend/node_modules/egg-logrotator/app/schedule/rotate_by_file.js
2021-10-25 11:16:13,444 INFO 3540 [egg-schedule]: register schedule /Users/lanqiuping/project/github/errorReport/backend/node_modules/egg-multipart/app/schedule/clean_tmpdir.js
2021-10-25 11:16:13,444 INFO 3540 [egg-schedule]: register schedule /Users/lanqiuping/project/github/errorReport/backend/node_modules/egg-logrotator/app/schedule/clean_log.js
2021-10-25 11:16:13,444 INFO 3540 [egg-schedule]: register schedule /Users/lanqiuping/project/github/errorReport/backend/node_modules/egg-logrotator/app/schedule/rotate_by_file.js
2021-10-25 11:16:19,753 INFO 3607 [egg-schedule]: register schedule /Users/lanqiuping/project/github/errorReport/backend/node_modules/egg-multipart/app/schedule/clean_tmpdir.js
2021-10-25 11:16:19,754 INFO 3607 [egg-schedule]: register schedule /Users/lanqiuping/project/github/errorReport/backend/node_modules/egg-logrotator/app/schedule/clean_log.js
2021-10-25 11:16:19,754 INFO 3607 [egg-schedule]: register schedule /Users/lanqiuping/project/github/errorReport/backend/node_modules/egg-logrotator/app/schedule/rotate_by_file.js
2021-10-25 11:18:18,907 INFO 4059 [egg-schedule]: register schedule /Users/lanqiuping/project/github/errorReport/backend/node_modules/egg-multipart/app/schedule/clean_tmpdir.js
2021-10-25 11:18:18,907 INFO 4059 [egg-schedule]: register schedule /Users/lanqiuping/project/github/errorReport/backend/node_modules/egg-logrotator/app/schedule/clean_log.js
2021-10-25 11:18:18,907 INFO 4059 [egg-schedule]: register schedule /Users/lanqiuping/project/github/errorReport/backend/node_modules/egg-logrotator/app/schedule/rotate_by_file.js
2021-10-25 11:18:40,613 INFO 4206 [egg-schedule]: register schedule /Users/lanqiuping/project/github/errorReport/backend/node_modules/egg-multipart/app/schedule/clean_tmpdir.js
2021-10-25 11:18:40,613 INFO 4206 [egg-schedule]: register schedule /Users/lanqiuping/project/github/errorReport/backend/node_modules/egg-logrotator/app/schedule/clean_log.js
2021-10-25 11:18:40,613 INFO 4206 [egg-schedule]: register schedule /Users/lanqiuping/project/github/errorReport/backend/node_modules/egg-logrotator/app/schedule/rotate_by_file.js
2021-10-25 11:20:38,067 INFO 4757 [egg-schedule]: register schedule /Users/lanqiuping/project/github/errorReport/backend/node_modules/egg-multipart/app/schedule/clean_tmpdir.js
2021-10-25 11:20:38,067 INFO 4757 [egg-schedule]: register schedule /Users/lanqiuping/project/github/errorReport/backend/node_modules/egg-logrotator/app/schedule/clean_log.js
2021-10-25 11:20:38,067 INFO 4757 [egg-schedule]: register schedule /Users/lanqiuping/project/github/errorReport/backend/node_modules/egg-logrotator/app/schedule/rotate_by_file.js
2021-10-25 11:21:02,826 INFO 4910 [egg-schedule]: register schedule /Users/lanqiuping/project/github/errorReport/backend/node_modules/egg-multipart/app/schedule/clean_tmpdir.js
2021-10-25 11:21:02,826 INFO 4910 [egg-schedule]: register schedule /Users/lanqiuping/project/github/errorReport/backend/node_modules/egg-logrotator/app/schedule/clean_log.js
2021-10-25 11:21:02,826 INFO 4910 [egg-schedule]: register schedule /Users/lanqiuping/project/github/errorReport/backend/node_modules/egg-logrotator/app/schedule/rotate_by_file.js
2021-10-25 11:21:37,517 INFO 5067 [egg-schedule]: register schedule /Users/lanqiuping/project/github/errorReport/backend/node_modules/egg-multipart/app/schedule/clean_tmpdir.js
2021-10-25 11:21:37,517 INFO 5067 [egg-schedule]: register schedule /Users/lanqiuping/project/github/errorReport/backend/node_modules/egg-logrotator/app/schedule/clean_log.js
2021-10-25 11:21:37,517 INFO 5067 [egg-schedule]: register schedule /Users/lanqiuping/project/github/errorReport/backend/node_modules/egg-logrotator/app/schedule/rotate_by_file.js
2021-10-25 11:22:31,234 INFO 5346 [egg-schedule]: register schedule /Users/lanqiuping/project/github/errorReport/backend/node_modules/egg-multipart/app/schedule/clean_tmpdir.js
2021-10-25 11:22:31,234 INFO 5346 [egg-schedule]: register schedule /Users/lanqiuping/project/github/errorReport/backend/node_modules/egg-logrotator/app/schedule/clean_log.js
2021-10-25 11:22:31,234 INFO 5346 [egg-schedule]: register schedule /Users/lanqiuping/project/github/errorReport/backend/node_modules/egg-logrotator/app/schedule/rotate_by_file.js
2021-10-25 11:24:50,652 INFO 6001 [egg-schedule]: register schedule /Users/lanqiuping/project/github/errorReport/backend/node_modules/egg-multipart/app/schedule/clean_tmpdir.js
2021-10-25 11:24:50,652 INFO 6001 [egg-schedule]: register schedule /Users/lanqiuping/project/github/errorReport/backend/node_modules/egg-logrotator/app/schedule/clean_log.js
2021-10-25 11:24:50,652 INFO 6001 [egg-schedule]: register schedule /Users/lanqiuping/project/github/errorReport/backend/node_modules/egg-logrotator/app/schedule/rotate_by_file.js
2021-10-25 11:25:02,340 INFO 6102 [egg-schedule]: register schedule /Users/lanqiuping/project/github/errorReport/backend/node_modules/egg-multipart/app/schedule/clean_tmpdir.js
2021-10-25 11:25:02,340 INFO 6102 [egg-schedule]: register schedule /Users/lanqiuping/project/github/errorReport/backend/node_modules/egg-logrotator/app/schedule/clean_log.js
2021-10-25 11:25:02,340 INFO 6102 [egg-schedule]: register schedule /Users/lanqiuping/project/github/errorReport/backend/node_modules/egg-logrotator/app/schedule/rotate_by_file.js
2021-10-25 11:27:27,139 INFO 6711 [egg-schedule]: register schedule /Users/lanqiuping/project/github/errorReport/backend/node_modules/egg-multipart/app/schedule/clean_tmpdir.js
2021-10-25 11:27:27,139 INFO 6711 [egg-schedule]: register schedule /Users/lanqiuping/project/github/errorReport/backend/node_modules/egg-logrotator/app/schedule/clean_log.js
2021-10-25 11:27:27,139 INFO 6711 [egg-schedule]: register schedule /Users/lanqiuping/project/github/errorReport/backend/node_modules/egg-logrotator/app/schedule/rotate_by_file.js
2021-10-25 11:27:39,022 INFO 6799 [egg-schedule]: register schedule /Users/lanqiuping/project/github/errorReport/backend/node_modules/egg-multipart/app/schedule/clean_tmpdir.js
2021-10-25 11:27:39,022 INFO 6799 [egg-schedule]: register schedule /Users/lanqiuping/project/github/errorReport/backend/node_modules/egg-logrotator/app/schedule/clean_log.js
2021-10-25 11:27:39,022 INFO 6799 [egg-schedule]: register schedule /Users/lanqiuping/project/github/errorReport/backend/node_modules/egg-logrotator/app/schedule/rotate_by_file.js
2021-10-25 11:28:48,446 INFO 7092 [egg-schedule]: register schedule /Users/lanqiuping/project/github/errorReport/backend/node_modules/egg-multipart/app/schedule/clean_tmpdir.js
2021-10-25 11:28:48,446 INFO 7092 [egg-schedule]: register schedule /Users/lanqiuping/project/github/errorReport/backend/node_modules/egg-logrotator/app/schedule/clean_log.js
2021-10-25 11:28:48,446 INFO 7092 [egg-schedule]: register schedule /Users/lanqiuping/project/github/errorReport/backend/node_modules/egg-logrotator/app/schedule/rotate_by_file.js
2021-10-25 11:29:10,780 INFO 7197 [egg-schedule]: register schedule /Users/lanqiuping/project/github/errorReport/backend/node_modules/egg-multipart/app/schedule/clean_tmpdir.js
2021-10-25 11:29:10,780 INFO 7197 [egg-schedule]: register schedule /Users/lanqiuping/project/github/errorReport/backend/node_modules/egg-logrotator/app/schedule/clean_log.js
2021-10-25 11:29:10,780 INFO 7197 [egg-schedule]: register schedule /Users/lanqiuping/project/github/errorReport/backend/node_modules/egg-logrotator/app/schedule/rotate_by_file.js
2021-10-25 11:29:31,679 INFO 7401 [egg-schedule]: register schedule /Users/lanqiuping/project/github/errorReport/backend/node_modules/egg-multipart/app/schedule/clean_tmpdir.js
2021-10-25 11:29:31,679 INFO 7401 [egg-schedule]: register schedule /Users/lanqiuping/project/github/errorReport/backend/node_modules/egg-logrotator/app/schedule/clean_log.js
2021-10-25 11:29:31,679 INFO 7401 [egg-schedule]: register schedule /Users/lanqiuping/project/github/errorReport/backend/node_modules/egg-logrotator/app/schedule/rotate_by_file.js
2021-10-25 11:29:32,799 INFO 7409 [egg-schedule]: register schedule /Users/lanqiuping/project/github/errorReport/backend/node_modules/egg-multipart/app/schedule/clean_tmpdir.js
2021-10-25 11:29:32,799 INFO 7409 [egg-schedule]: register schedule /Users/lanqiuping/project/github/errorReport/backend/node_modules/egg-logrotator/app/schedule/clean_log.js
2021-10-25 11:29:32,799 INFO 7409 [egg-schedule]: register schedule /Users/lanqiuping/project/github/errorReport/backend/node_modules/egg-logrotator/app/schedule/rotate_by_file.js
2021-10-25 11:29:42,406 INFO 7474 [egg-schedule]: register schedule /Users/lanqiuping/project/github/errorReport/backend/node_modules/egg-multipart/app/schedule/clean_tmpdir.js
2021-10-25 11:29:42,406 INFO 7474 [egg-schedule]: register schedule /Users/lanqiuping/project/github/errorReport/backend/node_modules/egg-logrotator/app/schedule/clean_log.js
2021-10-25 11:29:42,406 INFO 7474 [egg-schedule]: register schedule /Users/lanqiuping/project/github/errorReport/backend/node_modules/egg-logrotator/app/schedule/rotate_by_file.js
2021-10-25 11:30:12,741 INFO 7620 [egg-schedule]: register schedule /Users/lanqiuping/project/github/errorReport/backend/node_modules/egg-multipart/app/schedule/clean_tmpdir.js
2021-10-25 11:30:12,741 INFO 7620 [egg-schedule]: register schedule /Users/lanqiuping/project/github/errorReport/backend/node_modules/egg-logrotator/app/schedule/clean_log.js
2021-10-25 11:30:12,741 INFO 7620 [egg-schedule]: register schedule /Users/lanqiuping/project/github/errorReport/backend/node_modules/egg-logrotator/app/schedule/rotate_by_file.js
2021-10-25 11:30:39,027 INFO 7763 [egg-schedule]: register schedule /Users/lanqiuping/project/github/errorReport/backend/node_modules/egg-multipart/app/schedule/clean_tmpdir.js
2021-10-25 11:30:39,027 INFO 7763 [egg-schedule]: register schedule /Users/lanqiuping/project/github/errorReport/backend/node_modules/egg-logrotator/app/schedule/clean_log.js
2021-10-25 11:30:39,027 INFO 7763 [egg-schedule]: register schedule /Users/lanqiuping/project/github/errorReport/backend/node_modules/egg-logrotator/app/schedule/rotate_by_file.js
2021-10-25 11:30:48,854 INFO 7849 [egg-schedule]: register schedule /Users/lanqiuping/project/github/errorReport/backend/node_modules/egg-multipart/app/schedule/clean_tmpdir.js
2021-10-25 11:30:48,854 INFO 7849 [egg-schedule]: register schedule /Users/lanqiuping/project/github/errorReport/backend/node_modules/egg-logrotator/app/schedule/clean_log.js
2021-10-25 11:30:48,854 INFO 7849 [egg-schedule]: register schedule /Users/lanqiuping/project/github/errorReport/backend/node_modules/egg-logrotator/app/schedule/rotate_by_file.js
2021-10-25 11:32:21,933 INFO 8512 [egg-schedule]: register schedule /Users/lanqiuping/project/github/errorReport/backend/node_modules/egg-multipart/app/schedule/clean_tmpdir.js
2021-10-25 11:32:21,933 INFO 8512 [egg-schedule]: register schedule /Users/lanqiuping/project/github/errorReport/backend/node_modules/egg-logrotator/app/schedule/clean_log.js
2021-10-25 11:32:21,933 INFO 8512 [egg-schedule]: register schedule /Users/lanqiuping/project/github/errorReport/backend/node_modules/egg-logrotator/app/schedule/rotate_by_file.js
2021-10-25 11:33:53,256 INFO 9168 [egg-schedule]: register schedule /Users/lanqiuping/project/github/errorReport/backend/node_modules/egg-multipart/app/schedule/clean_tmpdir.js
2021-10-25 11:33:53,257 INFO 9168 [egg-schedule]: register schedule /Users/lanqiuping/project/github/errorReport/backend/node_modules/egg-logrotator/app/schedule/clean_log.js
2021-10-25 11:33:53,257 INFO 9168 [egg-schedule]: register schedule /Users/lanqiuping/project/github/errorReport/backend/node_modules/egg-logrotator/app/schedule/rotate_by_file.js
2021-10-25 11:34:36,474 INFO 9455 [egg-schedule]: register schedule /Users/lanqiuping/project/github/errorReport/backend/node_modules/egg-multipart/app/schedule/clean_tmpdir.js
2021-10-25 11:34:36,474 INFO 9455 [egg-schedule]: register schedule /Users/lanqiuping/project/github/errorReport/backend/node_modules/egg-logrotator/app/schedule/clean_log.js
2021-10-25 11:34:36,474 INFO 9455 [egg-schedule]: register schedule /Users/lanqiuping/project/github/errorReport/backend/node_modules/egg-logrotator/app/schedule/rotate_by_file.js
2021-10-25 11:35:10,984 INFO 9623 [egg-schedule]: register schedule /Users/lanqiuping/project/github/errorReport/backend/node_modules/egg-multipart/app/schedule/clean_tmpdir.js
2021-10-25 11:35:10,984 INFO 9623 [egg-schedule]: register schedule /Users/lanqiuping/project/github/errorReport/backend/node_modules/egg-logrotator/app/schedule/clean_log.js
2021-10-25 11:35:10,984 INFO 9623 [egg-schedule]: register schedule /Users/lanqiuping/project/github/errorReport/backend/node_modules/egg-logrotator/app/schedule/rotate_by_file.js
2021-10-25 11:36:22,617 INFO 9952 [egg-schedule]: register schedule /Users/lanqiuping/project/github/errorReport/backend/node_modules/egg-multipart/app/schedule/clean_tmpdir.js
2021-10-25 11:36:22,617 INFO 9952 [egg-schedule]: register schedule /Users/lanqiuping/project/github/errorReport/backend/node_modules/egg-logrotator/app/schedule/clean_log.js
2021-10-25 11:36:22,617 INFO 9952 [egg-schedule]: register schedule /Users/lanqiuping/project/github/errorReport/backend/node_modules/egg-logrotator/app/schedule/rotate_by_file.js
2021-10-25 11:36:39,297 INFO 10076 [egg-schedule]: register schedule /Users/lanqiuping/project/github/errorReport/backend/node_modules/egg-multipart/app/schedule/clean_tmpdir.js
2021-10-25 11:36:39,297 INFO 10076 [egg-schedule]: register schedule /Users/lanqiuping/project/github/errorReport/backend/node_modules/egg-logrotator/app/schedule/clean_log.js
2021-10-25 11:36:39,297 INFO 10076 [egg-schedule]: register schedule /Users/lanqiuping/project/github/errorReport/backend/node_modules/egg-logrotator/app/schedule/rotate_by_file.js
2021-10-25 11:37:07,881 INFO 10254 [egg-schedule]: register schedule /Users/lanqiuping/project/github/errorReport/backend/node_modules/egg-multipart/app/schedule/clean_tmpdir.js
2021-10-25 11:37:07,881 INFO 10254 [egg-schedule]: register schedule /Users/lanqiuping/project/github/errorReport/backend/node_modules/egg-logrotator/app/schedule/clean_log.js
2021-10-25 11:37:07,881 INFO 10254 [egg-schedule]: register schedule /Users/lanqiuping/project/github/errorReport/backend/node_modules/egg-logrotator/app/schedule/rotate_by_file.js
2021-10-25 11:37:30,454 INFO 10356 [egg-schedule]: register schedule /Users/lanqiuping/project/github/errorReport/backend/node_modules/egg-multipart/app/schedule/clean_tmpdir.js
2021-10-25 11:37:30,454 INFO 10356 [egg-schedule]: register schedule /Users/lanqiuping/project/github/errorReport/backend/node_modules/egg-logrotator/app/schedule/clean_log.js
2021-10-25 11:37:30,454 INFO 10356 [egg-schedule]: register schedule /Users/lanqiuping/project/github/errorReport/backend/node_modules/egg-logrotator/app/schedule/rotate_by_file.js
2021-10-25 11:37:30,590 INFO 10351 [Timer] /Users/lanqiuping/project/github/errorReport/backend/node_modules/egg-multipart/app/schedule/clean_tmpdir.js next time will execute after 60749415ms at 2021-10-26 04:30:00.005
2021-10-25 11:37:30,590 INFO 10351 [Timer] /Users/lanqiuping/project/github/errorReport/backend/node_modules/egg-logrotator/app/schedule/clean_log.js next time will execute after 44549410ms at 2021-10-26 00:00:00.000
2021-10-25 11:37:30,591 INFO 10351 [Timer] /Users/lanqiuping/project/github/errorReport/backend/node_modules/egg-logrotator/app/schedule/rotate_by_file.js next time will execute after 44550410ms at 2021-10-26 00:00:01.001
2021-10-25 11:38:22,370 INFO 10568 [egg-schedule]: register schedule /Users/lanqiuping/project/github/errorReport/backend/node_modules/egg-multipart/app/schedule/clean_tmpdir.js
2021-10-25 11:38:22,370 INFO 10568 [egg-schedule]: register schedule /Users/lanqiuping/project/github/errorReport/backend/node_modules/egg-logrotator/app/schedule/clean_log.js
2021-10-25 11:38:22,370 INFO 10568 [egg-schedule]: register schedule /Users/lanqiuping/project/github/errorReport/backend/node_modules/egg-logrotator/app/schedule/rotate_by_file.js
2021-10-25 11:38:34,561 INFO 10673 [egg-schedule]: register schedule /Users/lanqiuping/project/github/errorReport/backend/node_modules/egg-multipart/app/schedule/clean_tmpdir.js
2021-10-25 11:38:34,562 INFO 10673 [egg-schedule]: register schedule /Users/lanqiuping/project/github/errorReport/backend/node_modules/egg-logrotator/app/schedule/clean_log.js
2021-10-25 11:38:34,562 INFO 10673 [egg-schedule]: register schedule /Users/lanqiuping/project/github/errorReport/backend/node_modules/egg-logrotator/app/schedule/rotate_by_file.js
2021-10-25 11:49:28,862 INFO 13462 [egg-schedule]: register schedule /Users/lanqiuping/project/github/errorReport/backend/node_modules/egg-multipart/app/schedule/clean_tmpdir.js
2021-10-25 11:49:28,862 INFO 13462 [egg-schedule]: register schedule /Users/lanqiuping/project/github/errorReport/backend/node_modules/egg-logrotator/app/schedule/clean_log.js
2021-10-25 11:49:28,862 INFO 13462 [egg-schedule]: register schedule /Users/lanqiuping/project/github/errorReport/backend/node_modules/egg-logrotator/app/schedule/rotate_by_file.js
2021-10-25 11:49:38,978 INFO 13632 [egg-schedule]: register schedule /Users/lanqiuping/project/github/errorReport/backend/node_modules/egg-multipart/app/schedule/clean_tmpdir.js
2021-10-25 11:49:38,978 INFO 13632 [egg-schedule]: register schedule /Users/lanqiuping/project/github/errorReport/backend/node_modules/egg-logrotator/app/schedule/clean_log.js
2021-10-25 11:49:38,978 INFO 13632 [egg-schedule]: register schedule /Users/lanqiuping/project/github/errorReport/backend/node_modules/egg-logrotator/app/schedule/rotate_by_file.js
2021-10-25 11:50:07,388 INFO 13763 [egg-schedule]: register schedule /Users/lanqiuping/project/github/errorReport/backend/node_modules/egg-multipart/app/schedule/clean_tmpdir.js
2021-10-25 11:50:07,388 INFO 13763 [egg-schedule]: register schedule /Users/lanqiuping/project/github/errorReport/backend/node_modules/egg-logrotator/app/schedule/clean_log.js
2021-10-25 11:50:07,388 INFO 13763 [egg-schedule]: register schedule /Users/lanqiuping/project/github/errorReport/backend/node_modules/egg-logrotator/app/schedule/rotate_by_file.js
2021-10-25 11:50:07,521 INFO 13755 [Timer] /Users/lanqiuping/project/github/errorReport/backend/node_modules/egg-multipart/app/schedule/clean_tmpdir.js next time will execute after 59992482ms at 2021-10-26 04:30:00.003
2021-10-25 11:50:07,522 INFO 13755 [Timer] /Users/lanqiuping/project/github/errorReport/backend/node_modules/egg-logrotator/app/schedule/clean_log.js next time will execute after 43792479ms at 2021-10-26 00:00:00.001
2021-10-25 11:50:07,522 INFO 13755 [Timer] /Users/lanqiuping/project/github/errorReport/backend/node_modules/egg-logrotator/app/schedule/rotate_by_file.js next time will execute after 43793478ms at 2021-10-26 00:00:01.000
2021-10-25 12:05:29,452 INFO 18149 [egg-schedule]: register schedule /Users/lanqiuping/project/github/errorReport/backend/node_modules/egg-multipart/app/schedule/clean_tmpdir.js
2021-10-25 12:05:29,452 INFO 18149 [egg-schedule]: register schedule /Users/lanqiuping/project/github/errorReport/backend/node_modules/egg-logrotator/app/schedule/clean_log.js
2021-10-25 12:05:29,452 INFO 18149 [egg-schedule]: register schedule /Users/lanqiuping/project/github/errorReport/backend/node_modules/egg-logrotator/app/schedule/rotate_by_file.js
2021-10-25 12:05:55,617 INFO 18272 [egg-schedule]: register schedule /Users/lanqiuping/project/github/errorReport/backend/node_modules/egg-multipart/app/schedule/clean_tmpdir.js
2021-10-25 12:05:55,617 INFO 18272 [egg-schedule]: register schedule /Users/lanqiuping/project/github/errorReport/backend/node_modules/egg-logrotator/app/schedule/clean_log.js
2021-10-25 12:05:55,617 INFO 18272 [egg-schedule]: register schedule /Users/lanqiuping/project/github/errorReport/backend/node_modules/egg-logrotator/app/schedule/rotate_by_file.js
2021-10-25 12:07:26,440 INFO 18727 [egg-schedule]: register schedule /Users/lanqiuping/project/github/errorReport/backend/node_modules/egg-multipart/app/schedule/clean_tmpdir.js
2021-10-25 12:07:26,440 INFO 18727 [egg-schedule]: register schedule /Users/lanqiuping/project/github/errorReport/backend/node_modules/egg-logrotator/app/schedule/clean_log.js
2021-10-25 12:07:26,440 INFO 18727 [egg-schedule]: register schedule /Users/lanqiuping/project/github/errorReport/backend/node_modules/egg-logrotator/app/schedule/rotate_by_file.js
2021-10-27 16:22:36,550 INFO 55915 [egg-schedule]: register schedule /Users/lanqiuping/project/github/monitoring-system/backend/node_modules/egg-multipart/app/schedule/clean_tmpdir.js
2021-10-27 16:22:36,550 INFO 55915 [egg-schedule]: register schedule /Users/lanqiuping/project/github/monitoring-system/backend/node_modules/egg-logrotator/app/schedule/clean_log.js
2021-10-27 16:22:36,550 INFO 55915 [egg-schedule]: register schedule /Users/lanqiuping/project/github/monitoring-system/backend/node_modules/egg-logrotator/app/schedule/rotate_by_file.js
2021-10-27 16:22:36,677 INFO 55914 [Timer] /Users/lanqiuping/project/github/monitoring-system/backend/node_modules/egg-multipart/app/schedule/clean_tmpdir.js next time will execute after 43643325ms at 2021-10-28 04:30:00.002
2021-10-27 16:22:36,677 INFO 55914 [Timer] /Users/lanqiuping/project/github/monitoring-system/backend/node_modules/egg-logrotator/app/schedule/clean_log.js next time will execute after 27443323ms at 2021-10-28 00:00:00.000
2021-10-27 16:22:36,677 INFO 55914 [Timer] /Users/lanqiuping/project/github/monitoring-system/backend/node_modules/egg-logrotator/app/schedule/rotate_by_file.js next time will execute after 27444323ms at 2021-10-28 00:00:01.000
2021-10-27 16:43:18,326 INFO 62321 [egg-schedule]: register schedule /Users/lanqiuping/project/github/monitoring-system/backend/node_modules/egg-multipart/app/schedule/clean_tmpdir.js
2021-10-27 16:43:18,326 INFO 62321 [egg-schedule]: register schedule /Users/lanqiuping/project/github/monitoring-system/backend/node_modules/egg-logrotator/app/schedule/clean_log.js
2021-10-27 16:43:18,326 INFO 62321 [egg-schedule]: register schedule /Users/lanqiuping/project/github/monitoring-system/backend/node_modules/egg-logrotator/app/schedule/rotate_by_file.js
2021-10-27 16:43:18,459 INFO 62320 [Timer] /Users/lanqiuping/project/github/monitoring-system/backend/node_modules/egg-multipart/app/schedule/clean_tmpdir.js next time will execute after 42401543ms at 2021-10-28 04:30:00.002
2021-10-27 16:43:18,459 INFO 62320 [Timer] /Users/lanqiuping/project/github/monitoring-system/backend/node_modules/egg-logrotator/app/schedule/clean_log.js next time will execute after 26201541ms at 2021-10-28 00:00:00.000
2021-10-27 16:43:18,460 INFO 62320 [Timer] /Users/lanqiuping/project/github/monitoring-system/backend/node_modules/egg-logrotator/app/schedule/rotate_by_file.js next time will execute after 26202541ms at 2021-10-28 00:00:01.001
2021-10-27 16:45:35,405 INFO 63152 [egg-schedule]: register schedule /Users/lanqiuping/project/github/monitoring-system/backend/node_modules/egg-multipart/app/schedule/clean_tmpdir.js
2021-10-27 16:45:35,405 INFO 63152 [egg-schedule]: register schedule /Users/lanqiuping/project/github/monitoring-system/backend/node_modules/egg-logrotator/app/schedule/clean_log.js
2021-10-27 16:45:35,405 INFO 63152 [egg-schedule]: register schedule /Users/lanqiuping/project/github/monitoring-system/backend/node_modules/egg-logrotator/app/schedule/rotate_by_file.js
2021-10-27 16:46:38,579 INFO 63577 [egg-schedule]: register schedule /Users/lanqiuping/project/github/monitoring-system/backend/node_modules/egg-multipart/app/schedule/clean_tmpdir.js
2021-10-27 16:46:38,579 INFO 63577 [egg-schedule]: register schedule /Users/lanqiuping/project/github/monitoring-system/backend/node_modules/egg-logrotator/app/schedule/clean_log.js
2021-10-27 16:46:38,579 INFO 63577 [egg-schedule]: register schedule /Users/lanqiuping/project/github/monitoring-system/backend/node_modules/egg-logrotator/app/schedule/rotate_by_file.js
2021-10-27 16:47:23,415 INFO 63834 [egg-schedule]: register schedule /Users/lanqiuping/project/github/monitoring-system/backend/node_modules/egg-multipart/app/schedule/clean_tmpdir.js
2021-10-27 16:47:23,415 INFO 63834 [egg-schedule]: register schedule /Users/lanqiuping/project/github/monitoring-system/backend/node_modules/egg-logrotator/app/schedule/clean_log.js
2021-10-27 16:47:23,415 INFO 63834 [egg-schedule]: register schedule /Users/lanqiuping/project/github/monitoring-system/backend/node_modules/egg-logrotator/app/schedule/rotate_by_file.js
2021-10-27 16:49:43,959 INFO 64582 [egg-schedule]: register schedule /Users/lanqiuping/project/github/monitoring-system/backend/node_modules/egg-multipart/app/schedule/clean_tmpdir.js
2021-10-27 16:49:43,959 INFO 64582 [egg-schedule]: register schedule /Users/lanqiuping/project/github/monitoring-system/backend/node_modules/egg-logrotator/app/schedule/clean_log.js
2021-10-27 16:49:43,959 INFO 64582 [egg-schedule]: register schedule /Users/lanqiuping/project/github/monitoring-system/backend/node_modules/egg-logrotator/app/schedule/rotate_by_file.js
2021-10-27 16:49:57,196 INFO 64721 [egg-schedule]: register schedule /Users/lanqiuping/project/github/monitoring-system/backend/node_modules/egg-multipart/app/schedule/clean_tmpdir.js
2021-10-27 16:49:57,196 INFO 64721 [egg-schedule]: register schedule /Users/lanqiuping/project/github/monitoring-system/backend/node_modules/egg-logrotator/app/schedule/clean_log.js
2021-10-27 16:49:57,196 INFO 64721 [egg-schedule]: register schedule /Users/lanqiuping/project/github/monitoring-system/backend/node_modules/egg-logrotator/app/schedule/rotate_by_file.js
2021-10-27 16:51:06,854 INFO 65166 [egg-schedule]: register schedule /Users/lanqiuping/project/github/monitoring-system/backend/node_modules/egg-multipart/app/schedule/clean_tmpdir.js
2021-10-27 16:51:06,854 INFO 65166 [egg-schedule]: register schedule /Users/lanqiuping/project/github/monitoring-system/backend/node_modules/egg-logrotator/app/schedule/clean_log.js
2021-10-27 16:51:06,854 INFO 65166 [egg-schedule]: register schedule /Users/lanqiuping/project/github/monitoring-system/backend/node_modules/egg-logrotator/app/schedule/rotate_by_file.js
2021-10-27 16:51:57,360 INFO 65555 [egg-schedule]: register schedule /Users/lanqiuping/project/github/monitoring-system/backend/node_modules/egg-multipart/app/schedule/clean_tmpdir.js
2021-10-27 16:51:57,360 INFO 65555 [egg-schedule]: register schedule /Users/lanqiuping/project/github/monitoring-system/backend/node_modules/egg-logrotator/app/schedule/clean_log.js
2021-10-27 16:51:57,360 INFO 65555 [egg-schedule]: register schedule /Users/lanqiuping/project/github/monitoring-system/backend/node_modules/egg-logrotator/app/schedule/rotate_by_file.js
2021-10-27 16:52:17,280 INFO 65728 [egg-schedule]: register schedule /Users/lanqiuping/project/github/monitoring-system/backend/node_modules/egg-multipart/app/schedule/clean_tmpdir.js
2021-10-27 16:52:17,280 INFO 65728 [egg-schedule]: register schedule /Users/lanqiuping/project/github/monitoring-system/backend/node_modules/egg-logrotator/app/schedule/clean_log.js
2021-10-27 16:52:17,280 INFO 65728 [egg-schedule]: register schedule /Users/lanqiuping/project/github/monitoring-system/backend/node_modules/egg-logrotator/app/schedule/rotate_by_file.js
2021-10-27 16:53:04,012 INFO 65966 [egg-schedule]: register schedule /Users/lanqiuping/project/github/monitoring-system/backend/node_modules/egg-multipart/app/schedule/clean_tmpdir.js
2021-10-27 16:53:04,012 INFO 65966 [egg-schedule]: register schedule /Users/lanqiuping/project/github/monitoring-system/backend/node_modules/egg-logrotator/app/schedule/clean_log.js
2021-10-27 16:53:04,012 INFO 65966 [egg-schedule]: register schedule /Users/lanqiuping/project/github/monitoring-system/backend/node_modules/egg-logrotator/app/schedule/rotate_by_file.js
2021-10-27 16:55:04,389 INFO 66689 [egg-schedule]: register schedule /Users/lanqiuping/project/github/monitoring-system/backend/node_modules/egg-multipart/app/schedule/clean_tmpdir.js
2021-10-27 16:55:04,389 INFO 66689 [egg-schedule]: register schedule /Users/lanqiuping/project/github/monitoring-system/backend/node_modules/egg-logrotator/app/schedule/clean_log.js
2021-10-27 16:55:04,389 INFO 66689 [egg-schedule]: register schedule /Users/lanqiuping/project/github/monitoring-system/backend/node_modules/egg-logrotator/app/schedule/rotate_by_file.js
2021-10-27 16:55:33,688 INFO 66934 [egg-schedule]: register schedule /Users/lanqiuping/project/github/monitoring-system/backend/node_modules/egg-multipart/app/schedule/clean_tmpdir.js
2021-10-27 16:55:33,688 INFO 66934 [egg-schedule]: register schedule /Users/lanqiuping/project/github/monitoring-system/backend/node_modules/egg-logrotator/app/schedule/clean_log.js
2021-10-27 16:55:33,688 INFO 66934 [egg-schedule]: register schedule /Users/lanqiuping/project/github/monitoring-system/backend/node_modules/egg-logrotator/app/schedule/rotate_by_file.js
2021-10-27 16:55:35,610 INFO 67001 [egg-schedule]: register schedule /Users/lanqiuping/project/github/monitoring-system/backend/node_modules/egg-multipart/app/schedule/clean_tmpdir.js
2021-10-27 16:55:35,610 INFO 67001 [egg-schedule]: register schedule /Users/lanqiuping/project/github/monitoring-system/backend/node_modules/egg-logrotator/app/schedule/clean_log.js
2021-10-27 16:55:35,610 INFO 67001 [egg-schedule]: register schedule /Users/lanqiuping/project/github/monitoring-system/backend/node_modules/egg-logrotator/app/schedule/rotate_by_file.js
2021-10-27 16:55:41,601 INFO 67088 [egg-schedule]: register schedule /Users/lanqiuping/project/github/monitoring-system/backend/node_modules/egg-multipart/app/schedule/clean_tmpdir.js
2021-10-27 16:55:41,601 INFO 67088 [egg-schedule]: register schedule /Users/lanqiuping/project/github/monitoring-system/backend/node_modules/egg-logrotator/app/schedule/clean_log.js
2021-10-27 16:55:41,601 INFO 67088 [egg-schedule]: register schedule /Users/lanqiuping/project/github/monitoring-system/backend/node_modules/egg-logrotator/app/schedule/rotate_by_file.js
2021-10-27 16:56:30,082 INFO 67524 [egg-schedule]: register schedule /Users/lanqiuping/project/github/monitoring-system/backend/node_modules/egg-multipart/app/schedule/clean_tmpdir.js
2021-10-27 16:56:30,082 INFO 67524 [egg-schedule]: register schedule /Users/lanqiuping/project/github/monitoring-system/backend/node_modules/egg-logrotator/app/schedule/clean_log.js
2021-10-27 16:56:30,082 INFO 67524 [egg-schedule]: register schedule /Users/lanqiuping/project/github/monitoring-system/backend/node_modules/egg-logrotator/app/schedule/rotate_by_file.js
2021-10-27 16:58:48,854 INFO 68234 [egg-schedule]: register schedule /Users/lanqiuping/project/github/monitoring-system/backend/node_modules/egg-multipart/app/schedule/clean_tmpdir.js
2021-10-27 16:58:48,854 INFO 68234 [egg-schedule]: register schedule /Users/lanqiuping/project/github/monitoring-system/backend/node_modules/egg-logrotator/app/schedule/clean_log.js
2021-10-27 16:58:48,854 INFO 68234 [egg-schedule]: register schedule /Users/lanqiuping/project/github/monitoring-system/backend/node_modules/egg-logrotator/app/schedule/rotate_by_file.js
